[33mIP:142 [0m[32m[0423 13:13:57 @model.py:313][0m Start to train w for epoch 0
[33mIP:142 [0m[32m[0423 13:14:51 @model.py:298][0m Epoch[0] Batch[100] Speed: 469.936529 samples/sec loss: 8.13088 acc: 0.15873 ce: 2.18777 lat: 3.85266 ener: 18.69809
[33mIP:142 [0m[32m[0423 13:15:42 @model.py:313][0m Start to train w for epoch 1
[33mIP:142 [0m[32m[0423 13:16:36 @model.py:298][0m Epoch[1] Batch[100] Speed: 245.890365 samples/sec loss: 7.95254 acc: 0.22488 ce: 2.00914 lat: 3.85278 ener: 18.70010
[33mIP:142 [0m[32m[0423 13:17:26 @model.py:313][0m Start to train w for epoch 2
[33mIP:142 [0m[32m[0423 13:18:20 @model.py:298][0m Epoch[2] Batch[100] Speed: 245.619687 samples/sec loss: 7.86799 acc: 0.25850 ce: 1.92451 lat: 3.85281 ener: 18.70072
[33mIP:142 [0m[32m[0423 13:19:10 @model.py:313][0m Start to train w for epoch 3
[33mIP:142 [0m[32m[0423 13:20:04 @model.py:298][0m Epoch[3] Batch[100] Speed: 245.557261 samples/sec loss: 7.80903 acc: 0.28243 ce: 1.86565 lat: 3.85276 ener: 18.70022
[33mIP:142 [0m[32m[0423 13:20:54 @model.py:313][0m Start to train w for epoch 4
[33mIP:142 [0m[32m[0423 13:21:48 @model.py:298][0m Epoch[4] Batch[100] Speed: 245.849448 samples/sec loss: 7.77260 acc: 0.29616 ce: 1.82923 lat: 3.85275 ener: 18.70019
[33mIP:142 [0m[32m[0423 13:22:38 @model.py:313][0m Start to train w for epoch 5
[33mIP:142 [0m[32m[0423 13:23:33 @model.py:298][0m Epoch[5] Batch[100] Speed: 245.235092 samples/sec loss: 7.74411 acc: 0.30745 ce: 1.80080 lat: 3.85273 ener: 18.69988
[33mIP:142 [0m[32m[0423 13:24:23 @model.py:313][0m Start to train w for epoch 6
[33mIP:142 [0m[32m[0423 13:25:17 @model.py:298][0m Epoch[6] Batch[100] Speed: 244.267274 samples/sec loss: 7.70984 acc: 0.32182 ce: 1.76655 lat: 3.85272 ener: 18.69977
[33mIP:142 [0m[32m[0423 13:26:08 @model.py:313][0m Start to train w for epoch 7
[33mIP:142 [0m[32m[0423 13:27:02 @model.py:298][0m Epoch[7] Batch[100] Speed: 245.213208 samples/sec loss: 7.67839 acc: 0.33459 ce: 1.73511 lat: 3.85272 ener: 18.69972
[33mIP:142 [0m[32m[0423 13:27:52 @model.py:313][0m Start to train w for epoch 8
[33mIP:142 [0m[32m[0423 13:28:46 @model.py:298][0m Epoch[8] Batch[100] Speed: 246.286209 samples/sec loss: 7.65300 acc: 0.34575 ce: 1.70972 lat: 3.85272 ener: 18.69969
[33mIP:142 [0m[32m[0423 13:29:36 @model.py:313][0m Start to train w for epoch 9
[33mIP:142 [0m[32m[0423 13:30:30 @model.py:298][0m Epoch[9] Batch[100] Speed: 246.195416 samples/sec loss: 7.62455 acc: 0.35868 ce: 1.68127 lat: 3.85271 ener: 18.69966
[33mIP:142 [0m[32m[0423 13:31:20 @model.py:324][0m Start to train theta for epoch 10
[33mIP:142 [0m[32m[0423 13:32:45 @model.py:298][0m Epoch[10] Batch[100] Speed: 299.938405 samples/sec loss: 7.58493 acc: 0.37330 ce: 1.64671 lat: 3.85061 ener: 18.66598
[33mIP:142 [0m[32m[0423 13:34:06 @model.py:268][0m Change temperature from 5.00000 to 4.78000
[33mIP:142 [0m[32m[0423 13:34:06 @model.py:332][0m Start to train w for epoch 10
[33mIP:142 [0m[32m[0423 13:35:00 @model.py:298][0m Epoch[10] Batch[100] Speed: 189.639486 samples/sec loss: 7.52700 acc: 0.38580 ce: 1.61799 lat: 3.83829 ener: 18.47763
[33mIP:142 [0m[32m[0423 13:35:50 @model.py:324][0m Start to train theta for epoch 11
[33mIP:142 [0m[32m[0423 13:37:16 @model.py:298][0m Epoch[11] Batch[100] Speed: 188.810882 samples/sec loss: 7.46438 acc: 0.39844 ce: 1.58779 lat: 3.82452 ener: 18.27166
[33mIP:142 [0m[32m[0423 13:38:36 @model.py:268][0m Change temperature from 4.78000 to 4.56968
[33mIP:142 [0m[32m[0423 13:38:36 @model.py:332][0m Start to train w for epoch 11
[33mIP:142 [0m[32m[0423 13:39:30 @model.py:298][0m Epoch[11] Batch[100] Speed: 190.956840 samples/sec loss: 7.39109 acc: 0.40863 ce: 1.56382 lat: 3.80310 ener: 17.97342
[33mIP:142 [0m[32m[0423 13:40:20 @model.py:324][0m Start to train theta for epoch 12
[33mIP:142 [0m[32m[0423 13:41:45 @model.py:298][0m Epoch[12] Batch[100] Speed: 189.005637 samples/sec loss: 7.31723 acc: 0.41829 ce: 1.54114 lat: 3.78062 ener: 17.67130
[33mIP:142 [0m[32m[0423 13:43:05 @model.py:268][0m Change temperature from 4.56968 to 4.36861
[33mIP:142 [0m[32m[0423 13:43:05 @model.py:332][0m Start to train w for epoch 12
[33mIP:142 [0m[32m[0423 13:43:59 @model.py:298][0m Epoch[12] Batch[100] Speed: 191.385783 samples/sec loss: 7.22987 acc: 0.42681 ce: 1.52140 lat: 3.75035 ener: 17.29040
[33mIP:142 [0m[32m[0423 13:44:49 @model.py:324][0m Start to train theta for epoch 13
[33mIP:142 [0m[32m[0423 13:46:15 @model.py:298][0m Epoch[13] Batch[100] Speed: 188.844898 samples/sec loss: 7.14296 acc: 0.43504 ce: 1.50194 lat: 3.72006 ener: 16.91483
[33mIP:142 [0m[32m[0423 13:47:35 @model.py:268][0m Change temperature from 4.36861 to 4.17640
[33mIP:142 [0m[32m[0423 13:47:35 @model.py:332][0m Start to train w for epoch 13
[33mIP:142 [0m[32m[0423 13:48:29 @model.py:298][0m Epoch[13] Batch[100] Speed: 190.363451 samples/sec loss: 7.05038 acc: 0.44202 ce: 1.48551 lat: 3.68573 ener: 16.50019
[33mIP:142 [0m[32m[0423 13:49:19 @model.py:324][0m Start to train theta for epoch 14
[33mIP:142 [0m[32m[0423 13:50:44 @model.py:298][0m Epoch[14] Batch[100] Speed: 189.456379 samples/sec loss: 6.95895 acc: 0.44948 ce: 1.46760 lat: 3.65262 ener: 16.10204
[33mIP:142 [0m[32m[0423 13:52:04 @model.py:268][0m Change temperature from 4.17640 to 3.99263
[33mIP:142 [0m[32m[0423 13:52:04 @model.py:332][0m Start to train w for epoch 14
[33mIP:142 [0m[32m[0423 13:52:58 @model.py:298][0m Epoch[14] Batch[100] Speed: 191.083201 samples/sec loss: 6.86689 acc: 0.45616 ce: 1.45154 lat: 3.61860 ener: 15.69321
[33mIP:142 [0m[32m[0423 13:53:48 @model.py:324][0m Start to train theta for epoch 15
[33mIP:142 [0m[32m[0423 13:55:14 @model.py:298][0m Epoch[15] Batch[100] Speed: 189.073803 samples/sec loss: 6.77924 acc: 0.46257 ce: 1.43610 lat: 3.58630 ener: 15.30651
[33mIP:142 [0m[32m[0423 13:56:34 @model.py:268][0m Change temperature from 3.99263 to 3.81696
[33mIP:142 [0m[32m[0423 13:56:34 @model.py:332][0m Start to train w for epoch 15
[33mIP:142 [0m[32m[0423 13:57:28 @model.py:298][0m Epoch[15] Batch[100] Speed: 190.741829 samples/sec loss: 6.69404 acc: 0.46856 ce: 1.42172 lat: 3.55460 ener: 14.93127
[33mIP:142 [0m[32m[0423 13:58:18 @model.py:324][0m Start to train theta for epoch 16
[33mIP:142 [0m[32m[0423 13:59:43 @model.py:298][0m Epoch[16] Batch[100] Speed: 189.571002 samples/sec loss: 6.61214 acc: 0.47471 ce: 1.40684 lat: 3.52466 ener: 14.57711
[33mIP:142 [0m[32m[0423 14:01:03 @model.py:268][0m Change temperature from 3.81696 to 3.64901
[33mIP:142 [0m[32m[0423 14:01:03 @model.py:332][0m Start to train w for epoch 16
[33mIP:142 [0m[32m[0423 14:01:57 @model.py:298][0m Epoch[16] Batch[100] Speed: 190.855306 samples/sec loss: 6.53334 acc: 0.48040 ce: 1.39300 lat: 3.49581 ener: 14.23468
[33mIP:142 [0m[32m[0423 14:02:47 @model.py:324][0m Start to train theta for epoch 17
[33mIP:142 [0m[32m[0423 14:04:13 @model.py:298][0m Epoch[17] Batch[100] Speed: 187.806237 samples/sec loss: 6.45872 acc: 0.48569 ce: 1.37994 lat: 3.46854 ener: 13.91064
[33mIP:142 [0m[32m[0423 14:05:33 @model.py:268][0m Change temperature from 3.64901 to 3.48846
[33mIP:142 [0m[32m[0423 14:05:33 @model.py:332][0m Start to train w for epoch 17
[33mIP:142 [0m[32m[0423 14:06:27 @model.py:298][0m Epoch[17] Batch[100] Speed: 191.239567 samples/sec loss: 6.38778 acc: 0.49073 ce: 1.36758 lat: 3.44279 ener: 13.60143
[33mIP:142 [0m[32m[0423 14:07:17 @model.py:324][0m Start to train theta for epoch 18
[33mIP:142 [0m[32m[0423 14:08:42 @model.py:298][0m Epoch[18] Batch[100] Speed: 189.272065 samples/sec loss: 6.31885 acc: 0.49612 ce: 1.35418 lat: 3.41845 ener: 13.30883
[33mIP:142 [0m[32m[0423 14:10:02 @model.py:268][0m Change temperature from 3.48846 to 3.33496
[33mIP:142 [0m[32m[0423 14:10:02 @model.py:332][0m Start to train w for epoch 18
[33mIP:142 [0m[32m[0423 14:10:56 @model.py:298][0m Epoch[18] Batch[100] Speed: 191.333301 samples/sec loss: 6.25365 acc: 0.50111 ce: 1.34192 lat: 3.39533 ener: 13.03022
[33mIP:142 [0m[32m[0423 14:11:48 @model.py:324][0m Start to train theta for epoch 19
[33mIP:142 [0m[32m[0423 14:13:13 @model.py:298][0m Epoch[19] Batch[100] Speed: 186.763411 samples/sec loss: 6.19455 acc: 0.50488 ce: 1.33320 lat: 3.37335 ener: 12.76581
[33mIP:142 [0m[32m[0423 14:14:33 @model.py:268][0m Change temperature from 3.33496 to 3.18822
[33mIP:142 [0m[32m[0423 14:14:33 @model.py:332][0m Start to train w for epoch 19
[33mIP:142 [0m[32m[0423 14:15:27 @model.py:298][0m Epoch[19] Batch[100] Speed: 191.443886 samples/sec loss: 6.13880 acc: 0.50836 ce: 1.32504 lat: 3.35261 ener: 12.51660
[33mIP:142 [0m[32m[0423 14:16:17 @model.py:324][0m Start to train theta for epoch 20
[33mIP:142 [0m[32m[0423 14:17:42 @model.py:298][0m Epoch[20] Batch[100] Speed: 189.036894 samples/sec loss: 6.08624 acc: 0.51133 ce: 1.31770 lat: 3.33296 ener: 12.27971
[33mIP:142 [0m[32m[0423 14:19:02 @model.py:268][0m Change temperature from 3.18822 to 3.04794
[33mIP:142 [0m[32m[0423 14:19:02 @model.py:332][0m Start to train w for epoch 20
[33mIP:142 [0m[32m[0423 14:19:56 @model.py:298][0m Epoch[20] Batch[100] Speed: 191.265610 samples/sec loss: 6.03591 acc: 0.51433 ce: 1.31049 lat: 3.31445 ener: 12.05223
[33mIP:142 [0m[32m[0423 14:20:46 @model.py:324][0m Start to train theta for epoch 21
[33mIP:142 [0m[32m[0423 14:22:11 @model.py:298][0m Epoch[21] Batch[100] Speed: 189.398267 samples/sec loss: 5.98694 acc: 0.51744 ce: 1.30286 lat: 3.29671 ener: 11.83480
[33mIP:142 [0m[32m[0423 14:23:31 @model.py:268][0m Change temperature from 3.04794 to 2.91383
[33mIP:142 [0m[32m[0423 14:23:31 @model.py:332][0m Start to train w for epoch 21
[33mIP:142 [0m[32m[0423 14:24:25 @model.py:298][0m Epoch[21] Batch[100] Speed: 191.099030 samples/sec loss: 5.94029 acc: 0.52047 ce: 1.29560 lat: 3.27977 ener: 11.62880
[33mIP:142 [0m[32m[0423 14:25:15 @model.py:324][0m Start to train theta for epoch 22
[33mIP:142 [0m[32m[0423 14:26:41 @model.py:298][0m Epoch[22] Batch[100] Speed: 189.271712 samples/sec loss: 5.89522 acc: 0.52352 ce: 1.28830 lat: 3.26355 ener: 11.43169
[33mIP:142 [0m[32m[0423 14:28:01 @model.py:268][0m Change temperature from 2.91383 to 2.78562
[33mIP:142 [0m[32m[0423 14:28:01 @model.py:332][0m Start to train w for epoch 22
[33mIP:142 [0m[32m[0423 14:28:55 @model.py:298][0m Epoch[22] Batch[100] Speed: 190.338127 samples/sec loss: 5.85180 acc: 0.52647 ce: 1.28122 lat: 3.24798 ener: 11.24233
[33mIP:142 [0m[32m[0423 14:29:45 @model.py:324][0m Start to train theta for epoch 23
[33mIP:142 [0m[32m[0423 14:31:10 @model.py:298][0m Epoch[23] Batch[100] Speed: 189.789665 samples/sec loss: 5.80995 acc: 0.52923 ce: 1.27439 lat: 3.23303 ener: 11.06011
[33mIP:142 [0m[32m[0423 14:32:30 @model.py:268][0m Change temperature from 2.78562 to 2.66306
[33mIP:142 [0m[32m[0423 14:32:30 @model.py:332][0m Start to train w for epoch 23
[33mIP:142 [0m[32m[0423 14:33:24 @model.py:298][0m Epoch[23] Batch[100] Speed: 191.131511 samples/sec loss: 5.76996 acc: 0.53193 ce: 1.26803 lat: 3.21878 ener: 10.88456
[33mIP:142 [0m[32m[0423 14:34:14 @model.py:324][0m Start to train theta for epoch 24
[33mIP:142 [0m[32m[0423 14:35:40 @model.py:298][0m Epoch[24] Batch[100] Speed: 188.517062 samples/sec loss: 5.73119 acc: 0.53454 ce: 1.26173 lat: 3.20506 ener: 10.71532
[33mIP:142 [0m[32m[0423 14:37:01 @model.py:268][0m Change temperature from 2.66306 to 2.54588
[33mIP:142 [0m[32m[0423 14:37:01 @model.py:332][0m Start to train w for epoch 24
[33mIP:142 [0m[32m[0423 14:37:56 @model.py:298][0m Epoch[24] Batch[100] Speed: 188.515910 samples/sec loss: 5.69415 acc: 0.53702 ce: 1.25586 lat: 3.19197 ener: 10.55253
[33mIP:142 [0m[32m[0423 14:38:46 @model.py:324][0m Start to train theta for epoch 25
[33mIP:142 [0m[32m[0423 14:40:11 @model.py:298][0m Epoch[25] Batch[100] Speed: 189.448523 samples/sec loss: 5.65715 acc: 0.53977 ce: 1.24891 lat: 3.17937 ener: 10.39584
[33mIP:142 [0m[32m[0423 14:41:31 @model.py:268][0m Change temperature from 2.54588 to 2.43386
[33mIP:142 [0m[32m[0423 14:41:31 @model.py:332][0m Start to train w for epoch 25
[33mIP:142 [0m[32m[0423 14:42:27 @model.py:298][0m Epoch[25] Batch[100] Speed: 187.158506 samples/sec loss: 5.62146 acc: 0.54250 ce: 1.24205 lat: 3.16727 ener: 10.24604
[33mIP:142 [0m[32m[0423 14:43:20 @model.py:324][0m Start to train theta for epoch 26
[33mIP:142 [0m[32m[0423 14:44:46 @model.py:298][0m Epoch[26] Batch[100] Speed: 184.710480 samples/sec loss: 5.58688 acc: 0.54516 ce: 1.23540 lat: 3.15557 ener: 10.10110
[33mIP:142 [0m[32m[0423 14:46:06 @model.py:268][0m Change temperature from 2.43386 to 2.32677
[33mIP:142 [0m[32m[0423 14:46:06 @model.py:332][0m Start to train w for epoch 26
[33mIP:142 [0m[32m[0423 14:47:00 @model.py:298][0m Epoch[26] Batch[100] Speed: 190.597659 samples/sec loss: 5.55365 acc: 0.54770 ce: 1.22919 lat: 3.14432 ener: 9.96079
[33mIP:142 [0m[32m[0423 14:47:51 @model.py:324][0m Start to train theta for epoch 27
[33mIP:142 [0m[32m[0423 14:49:16 @model.py:298][0m Epoch[27] Batch[100] Speed: 188.526340 samples/sec loss: 5.52091 acc: 0.55032 ce: 1.22269 lat: 3.13343 ener: 9.82470
[33mIP:142 [0m[32m[0423 14:50:37 @model.py:268][0m Change temperature from 2.32677 to 2.22440
[33mIP:142 [0m[32m[0423 14:50:37 @model.py:332][0m Start to train w for epoch 27
[33mIP:142 [0m[32m[0423 14:51:31 @model.py:298][0m Epoch[27] Batch[100] Speed: 190.008736 samples/sec loss: 5.48913 acc: 0.55284 ce: 1.21638 lat: 3.12292 ener: 9.69256
[33mIP:142 [0m[32m[0423 14:52:21 @model.py:324][0m Start to train theta for epoch 28
[33mIP:142 [0m[32m[0423 14:53:48 @model.py:298][0m Epoch[28] Batch[100] Speed: 187.206649 samples/sec loss: 5.45854 acc: 0.55523 ce: 1.21045 lat: 3.11277 ener: 9.56464
[33mIP:142 [0m[32m[0423 14:55:08 @model.py:268][0m Change temperature from 2.22440 to 2.12652
[33mIP:142 [0m[32m[0423 14:55:08 @model.py:332][0m Start to train w for epoch 28
[33mIP:142 [0m[32m[0423 14:56:03 @model.py:298][0m Epoch[28] Batch[100] Speed: 189.801275 samples/sec loss: 5.42888 acc: 0.55758 ce: 1.20457 lat: 3.10304 ener: 9.44106
[33mIP:142 [0m[32m[0423 14:56:53 @model.py:324][0m Start to train theta for epoch 29
[33mIP:142 [0m[32m[0423 14:58:18 @model.py:298][0m Epoch[29] Batch[100] Speed: 189.048404 samples/sec loss: 5.40004 acc: 0.55992 ce: 1.19883 lat: 3.09361 ener: 9.32124
[33mIP:142 [0m[32m[0423 14:59:39 @model.py:268][0m Change temperature from 2.12652 to 2.03296
[33mIP:142 [0m[32m[0423 14:59:39 @model.py:332][0m Start to train w for epoch 29
[33mIP:142 [0m[32m[0423 15:00:33 @model.py:298][0m Epoch[29] Batch[100] Speed: 189.957583 samples/sec loss: 5.37291 acc: 0.56184 ce: 1.19410 lat: 3.08452 ener: 9.20481
[33mIP:142 [0m[32m[0423 15:01:25 @model.py:324][0m Start to train theta for epoch 30
[33mIP:142 [0m[32m[0423 15:02:52 @model.py:298][0m Epoch[30] Batch[100] Speed: 183.993413 samples/sec loss: 5.34971 acc: 0.56268 ce: 1.19246 lat: 3.07577 ener: 9.09289
[33mIP:142 [0m[32m[0423 15:04:13 @model.py:268][0m Change temperature from 2.03296 to 1.94351
[33mIP:142 [0m[32m[0423 15:04:13 @model.py:332][0m Start to train w for epoch 30
[33mIP:142 [0m[32m[0423 15:05:07 @model.py:298][0m Epoch[30] Batch[100] Speed: 189.901014 samples/sec loss: 5.32753 acc: 0.56353 ce: 1.19071 lat: 3.06744 ener: 8.98677
[33mIP:142 [0m[32m[0423 15:05:57 @model.py:324][0m Start to train theta for epoch 31
[33mIP:142 [0m[32m[0423 15:07:22 @model.py:298][0m Epoch[31] Batch[100] Speed: 188.553641 samples/sec loss: 5.30524 acc: 0.56459 ce: 1.18834 lat: 3.05934 ener: 8.88340
[33mIP:142 [0m[32m[0423 15:08:43 @model.py:268][0m Change temperature from 1.94351 to 1.85799
[33mIP:142 [0m[32m[0423 15:08:43 @model.py:332][0m Start to train w for epoch 31
[33mIP:142 [0m[32m[0423 15:09:39 @model.py:298][0m Epoch[31] Batch[100] Speed: 187.495389 samples/sec loss: 5.28323 acc: 0.56574 ce: 1.18576 lat: 3.05148 ener: 8.78262
[33mIP:142 [0m[32m[0423 15:10:29 @model.py:324][0m Start to train theta for epoch 32
[33mIP:142 [0m[32m[0423 15:11:55 @model.py:298][0m Epoch[32] Batch[100] Speed: 188.479637 samples/sec loss: 5.26171 acc: 0.56694 ce: 1.18320 lat: 3.04384 ener: 8.68434
[33mIP:142 [0m[32m[0423 15:13:15 @model.py:268][0m Change temperature from 1.85799 to 1.77624
[33mIP:142 [0m[32m[0423 15:13:15 @model.py:332][0m Start to train w for epoch 32
[33mIP:142 [0m[32m[0423 15:14:10 @model.py:298][0m Epoch[32] Batch[100] Speed: 190.002863 samples/sec loss: 5.24070 acc: 0.56803 ce: 1.18068 lat: 3.03646 ener: 8.58815
[33mIP:142 [0m[32m[0423 15:15:00 @model.py:324][0m Start to train theta for epoch 33
[33mIP:142 [0m[32m[0423 15:16:25 @model.py:298][0m Epoch[33] Batch[100] Speed: 188.489533 samples/sec loss: 5.22056 acc: 0.56906 ce: 1.17840 lat: 3.02931 ener: 8.49543
[33mIP:142 [0m[32m[0423 15:17:45 @model.py:268][0m Change temperature from 1.77624 to 1.69808
[33mIP:142 [0m[32m[0423 15:17:45 @model.py:332][0m Start to train w for epoch 33
[33mIP:142 [0m[32m[0423 15:18:40 @model.py:298][0m Epoch[33] Batch[100] Speed: 190.667976 samples/sec loss: 5.20125 acc: 0.57006 ce: 1.17622 lat: 3.02242 ener: 8.40669
[33mIP:142 [0m[32m[0423 15:19:30 @model.py:324][0m Start to train theta for epoch 34
[33mIP:142 [0m[32m[0423 15:20:55 @model.py:298][0m Epoch[34] Batch[100] Speed: 189.566291 samples/sec loss: 5.18209 acc: 0.57112 ce: 1.17378 lat: 3.01573 ener: 8.32002
[33mIP:142 [0m[32m[0423 15:22:15 @model.py:268][0m Change temperature from 1.69808 to 1.62337
[33mIP:142 [0m[32m[0423 15:22:15 @model.py:332][0m Start to train w for epoch 34
[33mIP:142 [0m[32m[0423 15:23:09 @model.py:298][0m Epoch[34] Batch[100] Speed: 191.153649 samples/sec loss: 5.16329 acc: 0.57216 ce: 1.17140 lat: 3.00925 ener: 8.23450
[33mIP:142 [0m[32m[0423 15:23:59 @model.py:324][0m Start to train theta for epoch 35
[33mIP:142 [0m[32m[0423 15:25:24 @model.py:298][0m Epoch[35] Batch[100] Speed: 188.447574 samples/sec loss: 5.14505 acc: 0.57318 ce: 1.16913 lat: 3.00294 ener: 8.15147
[33mIP:142 [0m[32m[0423 15:26:45 @model.py:268][0m Change temperature from 1.62337 to 1.55194
[33mIP:142 [0m[32m[0423 15:26:45 @model.py:332][0m Start to train w for epoch 35
[33mIP:142 [0m[32m[0423 15:27:40 @model.py:298][0m Epoch[35] Batch[100] Speed: 188.768386 samples/sec loss: 5.12734 acc: 0.57415 ce: 1.16695 lat: 2.99679 ener: 8.07101
[33mIP:142 [0m[32m[0423 15:28:31 @model.py:324][0m Start to train theta for epoch 36
[33mIP:142 [0m[32m[0423 15:29:57 @model.py:298][0m Epoch[36] Batch[100] Speed: 187.437001 samples/sec loss: 5.10940 acc: 0.57534 ce: 1.16423 lat: 2.99080 ener: 7.99213
[33mIP:142 [0m[32m[0423 15:31:17 @model.py:268][0m Change temperature from 1.55194 to 1.48366
[33mIP:142 [0m[32m[0423 15:31:17 @model.py:332][0m Start to train w for epoch 36
[33mIP:142 [0m[32m[0423 15:32:13 @model.py:298][0m Epoch[36] Batch[100] Speed: 187.291552 samples/sec loss: 5.09197 acc: 0.57641 ce: 1.16172 lat: 2.98496 ener: 7.91481
[33mIP:142 [0m[32m[0423 15:33:03 @model.py:324][0m Start to train theta for epoch 37
[33mIP:142 [0m[32m[0423 15:34:30 @model.py:298][0m Epoch[37] Batch[100] Speed: 187.610121 samples/sec loss: 5.07515 acc: 0.57741 ce: 1.15937 lat: 2.97929 ener: 7.83981
[33mIP:142 [0m[32m[0423 15:35:50 @model.py:268][0m Change temperature from 1.48366 to 1.41837
[33mIP:142 [0m[32m[0423 15:35:50 @model.py:332][0m Start to train w for epoch 37
[33mIP:142 [0m[32m[0423 15:36:44 @model.py:298][0m Epoch[37] Batch[100] Speed: 190.469600 samples/sec loss: 5.05875 acc: 0.57843 ce: 1.15695 lat: 2.97382 ener: 7.76731
[33mIP:142 [0m[32m[0423 15:37:34 @model.py:324][0m Start to train theta for epoch 38
[33mIP:142 [0m[32m[0423 15:39:00 @model.py:298][0m Epoch[38] Batch[100] Speed: 188.744597 samples/sec loss: 5.04245 acc: 0.57950 ce: 1.15435 lat: 2.96847 ener: 7.69624
[33mIP:142 [0m[32m[0423 15:40:20 @model.py:268][0m Change temperature from 1.41837 to 1.35597
[33mIP:142 [0m[32m[0423 15:40:20 @model.py:332][0m Start to train w for epoch 38
[33mIP:142 [0m[32m[0423 15:41:14 @model.py:298][0m Epoch[38] Batch[100] Speed: 190.129819 samples/sec loss: 5.02649 acc: 0.58057 ce: 1.15191 lat: 2.96326 ener: 7.62598
[33mIP:142 [0m[32m[0423 15:42:04 @model.py:324][0m Start to train theta for epoch 39
[33mIP:142 [0m[32m[0423 15:43:29 @model.py:298][0m Epoch[39] Batch[100] Speed: 189.609343 samples/sec loss: 5.01100 acc: 0.58155 ce: 1.14962 lat: 2.95818 ener: 7.55737
[33mIP:142 [0m[32m[0423 15:44:50 @model.py:268][0m Change temperature from 1.35597 to 1.29630
[33mIP:142 [0m[32m[0423 15:44:50 @model.py:332][0m Start to train w for epoch 39
[33mIP:142 [0m[32m[0423 15:45:44 @model.py:298][0m Epoch[39] Batch[100] Speed: 190.745203 samples/sec loss: 4.99592 acc: 0.58250 ce: 1.14740 lat: 2.95324 ener: 7.49056
[33mIP:142 [0m[32m[0423 15:46:34 @model.py:324][0m Start to train theta for epoch 40
[33mIP:142 [0m[32m[0423 15:47:59 @model.py:298][0m Epoch[40] Batch[100] Speed: 188.976502 samples/sec loss: 4.98073 acc: 0.58355 ce: 1.14476 lat: 2.94843 ener: 7.42539
[33mIP:142 [0m[32m[0423 15:49:20 @model.py:268][0m Change temperature from 1.29630 to 1.23927
[33mIP:142 [0m[32m[0423 15:49:20 @model.py:332][0m Start to train w for epoch 40
[33mIP:142 [0m[32m[0423 15:50:14 @model.py:298][0m Epoch[40] Batch[100] Speed: 190.457173 samples/sec loss: 4.96591 acc: 0.58462 ce: 1.14217 lat: 2.94373 ener: 7.36202
[33mIP:142 [0m[32m[0423 15:51:04 @model.py:324][0m Start to train theta for epoch 41
[33mIP:142 [0m[32m[0423 15:52:30 @model.py:298][0m Epoch[41] Batch[100] Speed: 188.245423 samples/sec loss: 4.95136 acc: 0.58571 ce: 1.13955 lat: 2.93914 ener: 7.30024
[33mIP:142 [0m[32m[0423 15:53:50 @model.py:268][0m Change temperature from 1.23927 to 1.18474
[33mIP:142 [0m[32m[0423 15:53:50 @model.py:332][0m Start to train w for epoch 41
[33mIP:142 [0m[32m[0423 15:54:44 @model.py:298][0m Epoch[41] Batch[100] Speed: 189.872861 samples/sec loss: 4.93721 acc: 0.58678 ce: 1.13699 lat: 2.93467 ener: 7.24034
[33mIP:142 [0m[32m[0423 15:55:34 @model.py:324][0m Start to train theta for epoch 42
[33mIP:142 [0m[32m[0423 15:56:59 @model.py:298][0m Epoch[42] Batch[100] Speed: 189.466962 samples/sec loss: 4.92333 acc: 0.58781 ce: 1.13449 lat: 2.93029 ener: 7.18166
[33mIP:142 [0m[32m[0423 15:58:20 @model.py:268][0m Change temperature from 1.18474 to 1.13261
[33mIP:142 [0m[32m[0423 15:58:20 @model.py:332][0m Start to train w for epoch 42
[33mIP:142 [0m[32m[0423 15:59:14 @model.py:298][0m Epoch[42] Batch[100] Speed: 190.169069 samples/sec loss: 4.90985 acc: 0.58877 ce: 1.13217 lat: 2.92600 ener: 7.12404
[33mIP:142 [0m[32m[0423 16:00:07 @model.py:324][0m Start to train theta for epoch 43
[33mIP:142 [0m[32m[0423 16:01:32 @model.py:298][0m Epoch[43] Batch[100] Speed: 184.975010 samples/sec loss: 4.89648 acc: 0.58975 ce: 1.12969 lat: 2.92183 ener: 7.06778
[33mIP:142 [0m[32m[0423 16:02:53 @model.py:268][0m Change temperature from 1.13261 to 1.08278
[33mIP:142 [0m[32m[0423 16:02:53 @model.py:332][0m Start to train w for epoch 43
[33mIP:142 [0m[32m[0423 16:03:47 @model.py:298][0m Epoch[43] Batch[100] Speed: 189.678775 samples/sec loss: 4.88335 acc: 0.59077 ce: 1.12717 lat: 2.91777 ener: 7.01306
[33mIP:142 [0m[32m[0423 16:04:37 @model.py:324][0m Start to train theta for epoch 44
[33mIP:142 [0m[32m[0423 16:06:02 @model.py:298][0m Epoch[44] Batch[100] Speed: 189.631869 samples/sec loss: 4.87052 acc: 0.59177 ce: 1.12471 lat: 2.91380 ener: 6.95952
[33mIP:142 [0m[32m[0423 16:07:23 @model.py:268][0m Change temperature from 1.08278 to 1.03513
[33mIP:142 [0m[32m[0423 16:07:23 @model.py:332][0m Start to train w for epoch 44
[33mIP:142 [0m[32m[0423 16:08:20 @model.py:298][0m Epoch[44] Batch[100] Speed: 186.771252 samples/sec loss: 4.85805 acc: 0.59270 ce: 1.12243 lat: 2.90992 ener: 6.90692
[33mIP:142 [0m[32m[0423 16:09:10 @model.py:324][0m Start to train theta for epoch 45
[33mIP:142 [0m[32m[0423 16:10:35 @model.py:298][0m Epoch[45] Batch[100] Speed: 189.122978 samples/sec loss: 4.84576 acc: 0.59365 ce: 1.12010 lat: 2.90613 ener: 6.85549
[33mIP:142 [0m[32m[0423 16:11:55 @model.py:268][0m Change temperature from 1.03513 to 0.98959
[33mIP:142 [0m[32m[0423 16:11:55 @model.py:332][0m Start to train w for epoch 45
[33mIP:142 [0m[32m[0423 16:12:49 @model.py:298][0m Epoch[45] Batch[100] Speed: 190.694205 samples/sec loss: 4.83458 acc: 0.59427 ce: 1.11867 lat: 2.90242 ener: 6.80525
[33mIP:142 [0m[32m[0423 16:13:39 @model.py:324][0m Start to train theta for epoch 46
[33mIP:142 [0m[32m[0423 16:15:05 @model.py:298][0m Epoch[46] Batch[100] Speed: 188.527847 samples/sec loss: 4.82632 acc: 0.59398 ce: 1.11988 lat: 2.89882 ener: 6.75627
[33mIP:142 [0m[32m[0423 16:16:26 @model.py:268][0m Change temperature from 0.98959 to 0.94605
[33mIP:142 [0m[32m[0423 16:16:26 @model.py:332][0m Start to train w for epoch 46
[33mIP:142 [0m[32m[0423 16:17:20 @model.py:298][0m Epoch[46] Batch[100] Speed: 189.524924 samples/sec loss: 4.81824 acc: 0.59382 ce: 1.12073 lat: 2.89544 ener: 6.70956
[33mIP:142 [0m[32m[0423 16:18:10 @model.py:324][0m Start to train theta for epoch 47
[33mIP:142 [0m[32m[0423 16:19:35 @model.py:298][0m Epoch[47] Batch[100] Speed: 189.572304 samples/sec loss: 4.80950 acc: 0.59395 ce: 1.12077 lat: 2.89210 ener: 6.66384
[33mIP:142 [0m[32m[0423 16:20:55 @model.py:268][0m Change temperature from 0.94605 to 0.90442
[33mIP:142 [0m[32m[0423 16:20:55 @model.py:332][0m Start to train w for epoch 47
[33mIP:142 [0m[32m[0423 16:21:50 @model.py:298][0m Epoch[47] Batch[100] Speed: 190.281593 samples/sec loss: 4.80084 acc: 0.59406 ce: 1.12080 lat: 2.88877 ener: 6.61897
[33mIP:142 [0m[32m[0423 16:22:40 @model.py:324][0m Start to train theta for epoch 48
[33mIP:142 [0m[32m[0423 16:24:05 @model.py:298][0m Epoch[48] Batch[100] Speed: 188.720647 samples/sec loss: 4.79288 acc: 0.59392 ce: 1.12137 lat: 2.88552 ener: 6.57479
[33mIP:142 [0m[32m[0423 16:25:26 @model.py:268][0m Change temperature from 0.90442 to 0.86463
[33mIP:142 [0m[32m[0423 16:25:26 @model.py:332][0m Start to train w for epoch 48
[33mIP:142 [0m[32m[0423 16:26:21 @model.py:298][0m Epoch[48] Batch[100] Speed: 189.080739 samples/sec loss: 4.78518 acc: 0.59377 ce: 1.12198 lat: 2.88238 ener: 6.53152
[33mIP:142 [0m[32m[0423 16:27:11 @model.py:324][0m Start to train theta for epoch 49
[33mIP:142 [0m[32m[0423 16:28:37 @model.py:298][0m Epoch[49] Batch[100] Speed: 188.189279 samples/sec loss: 4.77746 acc: 0.59378 ce: 1.12230 lat: 2.87933 ener: 6.48969
[33mIP:142 [0m[32m[0423 16:29:57 @model.py:268][0m Change temperature from 0.86463 to 0.82658
[33mIP:142 [0m[32m[0423 16:29:57 @model.py:332][0m Start to train w for epoch 49
[33mIP:142 [0m[32m[0423 16:30:52 @model.py:298][0m Epoch[49] Batch[100] Speed: 189.690090 samples/sec loss: 4.76982 acc: 0.59385 ce: 1.12246 lat: 2.87636 ener: 6.44903
[33mIP:142 [0m[32m[0423 16:31:42 @model.py:324][0m Start to train theta for epoch 50
[33mIP:142 [0m[32m[0423 16:33:07 @model.py:298][0m Epoch[50] Batch[100] Speed: 189.550557 samples/sec loss: 4.76231 acc: 0.59388 ce: 1.12268 lat: 2.87342 ener: 6.40894
[33mIP:142 [0m[32m[0423 16:34:28 @model.py:268][0m Change temperature from 0.82658 to 0.79021
[33mIP:142 [0m[32m[0423 16:34:28 @model.py:332][0m Start to train w for epoch 50
[33mIP:142 [0m[32m[0423 16:35:22 @model.py:298][0m Epoch[50] Batch[100] Speed: 188.889813 samples/sec loss: 4.75492 acc: 0.59393 ce: 1.12288 lat: 2.87052 ener: 6.36968
[33mIP:142 [0m[32m[0423 16:36:15 @model.py:324][0m Start to train theta for epoch 51
[33mIP:142 [0m[32m[0423 16:37:41 @model.py:298][0m Epoch[51] Batch[100] Speed: 184.628731 samples/sec loss: 4.74731 acc: 0.59407 ce: 1.12271 lat: 2.86769 ener: 6.33115
[33mIP:142 [0m[32m[0423 16:39:01 @model.py:268][0m Change temperature from 0.79021 to 0.75544
[33mIP:142 [0m[32m[0423 16:39:01 @model.py:332][0m Start to train w for epoch 51
[33mIP:142 [0m[32m[0423 16:39:56 @model.py:298][0m Epoch[51] Batch[100] Speed: 190.013206 samples/sec loss: 4.73992 acc: 0.59419 ce: 1.12267 lat: 2.86491 ener: 6.29303
[33mIP:142 [0m[32m[0423 16:40:46 @model.py:324][0m Start to train theta for epoch 52
[33mIP:142 [0m[32m[0423 16:42:11 @model.py:298][0m Epoch[52] Batch[100] Speed: 188.579945 samples/sec loss: 4.73277 acc: 0.59430 ce: 1.12264 lat: 2.86221 ener: 6.25600
[33mIP:142 [0m[32m[0423 16:43:32 @model.py:268][0m Change temperature from 0.75544 to 0.72220
[33mIP:142 [0m[32m[0423 16:43:32 @model.py:332][0m Start to train w for epoch 52
[33mIP:142 [0m[32m[0423 16:44:26 @model.py:298][0m Epoch[52] Batch[100] Speed: 190.389998 samples/sec loss: 4.72577 acc: 0.59447 ce: 1.12241 lat: 2.85965 ener: 6.22044
[33mIP:142 [0m[32m[0423 16:45:16 @model.py:324][0m Start to train theta for epoch 53
[33mIP:142 [0m[32m[0423 16:46:41 @model.py:298][0m Epoch[53] Batch[100] Speed: 188.798140 samples/sec loss: 4.71870 acc: 0.59471 ce: 1.12201 lat: 2.85712 ener: 6.18556
[33mIP:142 [0m[32m[0423 16:48:02 @model.py:268][0m Change temperature from 0.72220 to 0.69043
[33mIP:142 [0m[32m[0423 16:48:02 @model.py:332][0m Start to train w for epoch 53
[33mIP:142 [0m[32m[0423 16:48:55 @model.py:298][0m Epoch[53] Batch[100] Speed: 191.012164 samples/sec loss: 4.71186 acc: 0.59494 ce: 1.12171 lat: 2.85462 ener: 6.15149
[33mIP:142 [0m[32m[0423 16:49:45 @model.py:324][0m Start to train theta for epoch 54
[33mIP:142 [0m[32m[0423 16:51:12 @model.py:298][0m Epoch[54] Batch[100] Speed: 187.849282 samples/sec loss: 4.70497 acc: 0.59517 ce: 1.12128 lat: 2.85216 ener: 6.11797
[33mIP:142 [0m[32m[0423 16:52:33 @model.py:268][0m Change temperature from 0.69043 to 0.66005
[33mIP:142 [0m[32m[0423 16:52:33 @model.py:332][0m Start to train w for epoch 54
[33mIP:142 [0m[32m[0423 16:53:28 @model.py:298][0m Epoch[54] Batch[100] Speed: 188.203561 samples/sec loss: 4.69819 acc: 0.59537 ce: 1.12096 lat: 2.84970 ener: 6.08458
[33mIP:142 [0m[32m[0423 16:54:18 @model.py:324][0m Start to train theta for epoch 55
[33mIP:142 [0m[32m[0423 16:55:44 @model.py:298][0m Epoch[55] Batch[100] Speed: 187.370030 samples/sec loss: 4.69131 acc: 0.59563 ce: 1.12048 lat: 2.84725 ener: 6.05163
[33mIP:142 [0m[32m[0423 16:57:05 @model.py:268][0m Change temperature from 0.66005 to 0.63101
[33mIP:142 [0m[32m[0423 16:57:05 @model.py:332][0m Start to train w for epoch 55
[33mIP:142 [0m[32m[0423 16:57:59 @model.py:298][0m Epoch[55] Batch[100] Speed: 189.733721 samples/sec loss: 4.68472 acc: 0.59579 ce: 1.12027 lat: 2.84481 ener: 6.01907
[33mIP:142 [0m[32m[0423 16:58:52 @model.py:324][0m Start to train theta for epoch 56
[33mIP:142 [0m[32m[0423 17:00:17 @model.py:298][0m Epoch[56] Batch[100] Speed: 185.873935 samples/sec loss: 4.67795 acc: 0.59605 ce: 1.11974 lat: 2.84241 ener: 5.98716
[33mIP:142 [0m[32m[0423 17:01:38 @model.py:268][0m Change temperature from 0.63101 to 0.60324
[33mIP:142 [0m[32m[0423 17:01:38 @model.py:332][0m Start to train w for epoch 56
[33mIP:142 [0m[32m[0423 17:02:32 @model.py:298][0m Epoch[56] Batch[100] Speed: 189.707621 samples/sec loss: 4.67121 acc: 0.59638 ce: 1.11911 lat: 2.84010 ener: 5.95572
[33mIP:142 [0m[32m[0423 17:03:26 @model.py:324][0m Start to train theta for epoch 57
[33mIP:142 [0m[32m[0423 17:04:52 @model.py:298][0m Epoch[57] Batch[100] Speed: 183.260917 samples/sec loss: 4.66462 acc: 0.59669 ce: 1.11846 lat: 2.83784 ener: 5.92510
[33mIP:142 [0m[32m[0423 17:06:15 @model.py:268][0m Change temperature from 0.60324 to 0.57670
[33mIP:142 [0m[32m[0423 17:06:15 @model.py:332][0m Start to train w for epoch 57
[33mIP:142 [0m[32m[0423 17:07:09 @model.py:298][0m Epoch[57] Batch[100] Speed: 186.269822 samples/sec loss: 4.65812 acc: 0.59704 ce: 1.11771 lat: 2.83565 ener: 5.89541
[33mIP:142 [0m[32m[0423 17:07:59 @model.py:324][0m Start to train theta for epoch 58
[33mIP:142 [0m[32m[0423 17:09:25 @model.py:298][0m Epoch[58] Batch[100] Speed: 188.634273 samples/sec loss: 4.65162 acc: 0.59741 ce: 1.11687 lat: 2.83349 ener: 5.86621
[33mIP:142 [0m[32m[0423 17:10:45 @model.py:268][0m Change temperature from 0.57670 to 0.55132
[33mIP:142 [0m[32m[0423 17:10:45 @model.py:332][0m Start to train w for epoch 58
[33mIP:142 [0m[32m[0423 17:11:40 @model.py:298][0m Epoch[58] Batch[100] Speed: 189.874087 samples/sec loss: 4.64530 acc: 0.59779 ce: 1.11602 lat: 2.83141 ener: 5.83774
[33mIP:142 [0m[32m[0423 17:12:30 @model.py:324][0m Start to train theta for epoch 59
[33mIP:142 [0m[32m[0423 17:13:55 @model.py:298][0m Epoch[59] Batch[100] Speed: 188.603289 samples/sec loss: 4.63907 acc: 0.59818 ce: 1.11517 lat: 2.82937 ener: 5.80982
[33mIP:142 [0m[32m[0423 17:15:16 @model.py:268][0m Change temperature from 0.55132 to 0.52707
[33mIP:142 [0m[32m[0423 17:15:16 @model.py:332][0m Start to train w for epoch 59
[33mIP:142 [0m[32m[0423 17:16:10 @model.py:298][0m Epoch[59] Batch[100] Speed: 190.461804 samples/sec loss: 4.63285 acc: 0.59858 ce: 1.11425 lat: 2.82735 ener: 5.78237
[33mIP:142 [0m[32m[0423 17:17:00 @model.py:324][0m Start to train theta for epoch 60
[33mIP:142 [0m[32m[0423 17:18:25 @model.py:298][0m Epoch[60] Batch[100] Speed: 189.115423 samples/sec loss: 4.62633 acc: 0.59913 ce: 1.11294 lat: 2.82537 ener: 5.75540
[33mIP:142 [0m[32m[0423 17:19:47 @model.py:268][0m Change temperature from 0.52707 to 0.50387
[33mIP:142 [0m[32m[0423 17:19:47 @model.py:332][0m Start to train w for epoch 60
[33mIP:142 [0m[32m[0423 17:20:41 @model.py:298][0m Epoch[60] Batch[100] Speed: 188.980207 samples/sec loss: 4.61996 acc: 0.59963 ce: 1.11173 lat: 2.82340 ener: 5.72875
[33mIP:142 [0m[32m[0423 17:21:31 @model.py:324][0m Start to train theta for epoch 61
[33mIP:142 [0m[32m[0423 17:22:57 @model.py:298][0m Epoch[61] Batch[100] Speed: 188.028629 samples/sec loss: 4.61379 acc: 0.60007 ce: 1.11065 lat: 2.82147 ener: 5.70250
[33mIP:142 [0m[32m[0423 17:24:17 @model.py:268][0m Change temperature from 0.50387 to 0.48170
[33mIP:142 [0m[32m[0423 17:24:17 @model.py:332][0m Start to train w for epoch 61
[33mIP:142 [0m[32m[0423 17:25:11 @model.py:298][0m Epoch[61] Batch[100] Speed: 190.144775 samples/sec loss: 4.60768 acc: 0.60055 ce: 1.10951 lat: 2.81957 ener: 5.67682
[33mIP:142 [0m[32m[0423 17:26:01 @model.py:324][0m Start to train theta for epoch 62
[33mIP:142 [0m[32m[0423 17:27:27 @model.py:298][0m Epoch[62] Batch[100] Speed: 188.232819 samples/sec loss: 4.60143 acc: 0.60111 ce: 1.10808 lat: 2.81773 ener: 5.65185
[33mIP:142 [0m[32m[0423 17:28:48 @model.py:268][0m Change temperature from 0.48170 to 0.46051
[33mIP:142 [0m[32m[0423 17:28:48 @model.py:332][0m Start to train w for epoch 62
[33mIP:142 [0m[32m[0423 17:29:42 @model.py:298][0m Epoch[62] Batch[100] Speed: 190.284369 samples/sec loss: 4.59533 acc: 0.60169 ce: 1.10665 lat: 2.81594 ener: 5.62763
[33mIP:142 [0m[32m[0423 17:30:32 @model.py:324][0m Start to train theta for epoch 63
[33mIP:142 [0m[32m[0423 17:31:57 @model.py:298][0m Epoch[63] Batch[100] Speed: 188.834742 samples/sec loss: 4.58915 acc: 0.60232 ce: 1.10507 lat: 2.81417 ener: 5.60378
[33mIP:142 [0m[32m[0423 17:33:18 @model.py:268][0m Change temperature from 0.46051 to 0.44025
[33mIP:142 [0m[32m[0423 17:33:18 @model.py:332][0m Start to train w for epoch 63
[33mIP:142 [0m[32m[0423 17:34:12 @model.py:298][0m Epoch[63] Batch[100] Speed: 190.414281 samples/sec loss: 4.58294 acc: 0.60295 ce: 1.10342 lat: 2.81243 ener: 5.58021
[33mIP:142 [0m[32m[0423 17:35:02 @model.py:324][0m Start to train theta for epoch 64
[33mIP:142 [0m[32m[0423 17:36:28 @model.py:298][0m Epoch[64] Batch[100] Speed: 188.587289 samples/sec loss: 4.57679 acc: 0.60359 ce: 1.10174 lat: 2.81072 ener: 5.55702
[33mIP:142 [0m[32m[0423 17:37:49 @model.py:268][0m Change temperature from 0.44025 to 0.42088
[33mIP:142 [0m[32m[0423 17:37:49 @model.py:332][0m Start to train w for epoch 64
[33mIP:142 [0m[32m[0423 17:38:43 @model.py:298][0m Epoch[64] Batch[100] Speed: 189.320911 samples/sec loss: 4.57064 acc: 0.60427 ce: 1.09998 lat: 2.80905 ener: 5.53423
[33mIP:142 [0m[32m[0423 17:39:33 @model.py:324][0m Start to train theta for epoch 65
[33mIP:142 [0m[32m[0423 17:40:59 @model.py:298][0m Epoch[65] Batch[100] Speed: 187.523495 samples/sec loss: 4.56454 acc: 0.60495 ce: 1.09820 lat: 2.80740 ener: 5.51179
[33mIP:142 [0m[32m[0423 17:42:20 @model.py:268][0m Change temperature from 0.42088 to 0.40236
[33mIP:142 [0m[32m[0423 17:42:20 @model.py:332][0m Start to train w for epoch 65
[33mIP:142 [0m[32m[0423 17:43:18 @model.py:298][0m Epoch[65] Batch[100] Speed: 184.113164 samples/sec loss: 4.55852 acc: 0.60562 ce: 1.09648 lat: 2.80577 ener: 5.48948
[33mIP:142 [0m[32m[0423 17:44:13 @model.py:324][0m Start to train theta for epoch 66
[33mIP:142 [0m[32m[0423 17:45:38 @model.py:298][0m Epoch[66] Batch[100] Speed: 183.347533 samples/sec loss: 4.55249 acc: 0.60630 ce: 1.09464 lat: 2.80418 ener: 5.46762
[33mIP:142 [0m[32m[0423 17:46:59 @model.py:268][0m Change temperature from 0.40236 to 0.38465
[33mIP:142 [0m[32m[0423 17:46:59 @model.py:332][0m Start to train w for epoch 66
[33mIP:142 [0m[32m[0423 17:47:53 @model.py:298][0m Epoch[66] Batch[100] Speed: 189.745425 samples/sec loss: 4.54653 acc: 0.60700 ce: 1.09284 lat: 2.80260 ener: 5.44601
[33mIP:142 [0m[32m[0423 17:48:43 @model.py:324][0m Start to train theta for epoch 67
[33mIP:142 [0m[32m[0423 17:50:10 @model.py:298][0m Epoch[67] Batch[100] Speed: 187.514233 samples/sec loss: 4.54066 acc: 0.60770 ce: 1.09103 lat: 2.80106 ener: 5.42487
[33mIP:142 [0m[32m[0423 17:51:31 @model.py:268][0m Change temperature from 0.38465 to 0.36773
[33mIP:142 [0m[32m[0423 17:51:31 @model.py:332][0m Start to train w for epoch 67
[33mIP:142 [0m[32m[0423 17:52:25 @model.py:298][0m Epoch[67] Batch[100] Speed: 189.243940 samples/sec loss: 4.53485 acc: 0.60838 ce: 1.08922 lat: 2.79955 ener: 5.40408
[33mIP:142 [0m[32m[0423 17:53:16 @model.py:324][0m Start to train theta for epoch 68
[33mIP:142 [0m[32m[0423 17:54:44 @model.py:298][0m Epoch[68] Batch[100] Speed: 184.282036 samples/sec loss: 4.52911 acc: 0.60908 ce: 1.08740 lat: 2.79806 ener: 5.38365
[33mIP:142 [0m[32m[0423 17:56:05 @model.py:268][0m Change temperature from 0.36773 to 0.35155
[33mIP:142 [0m[32m[0423 17:56:05 @model.py:332][0m Start to train w for epoch 68
[33mIP:142 [0m[32m[0423 17:56:59 @model.py:298][0m Epoch[68] Batch[100] Speed: 189.370435 samples/sec loss: 4.52348 acc: 0.60975 ce: 1.08562 lat: 2.79660 ener: 5.36359
[33mIP:142 [0m[32m[0423 17:57:49 @model.py:324][0m Start to train theta for epoch 69
[33mIP:142 [0m[32m[0423 17:59:15 @model.py:298][0m Epoch[69] Batch[100] Speed: 187.599860 samples/sec loss: 4.51866 acc: 0.61018 ce: 1.08458 lat: 2.79517 ener: 5.34383
[33mIP:142 [0m[32m[0423 18:00:37 @model.py:268][0m Change temperature from 0.35155 to 0.33608
[33mIP:142 [0m[32m[0423 18:00:37 @model.py:332][0m Start to train w for epoch 69
[33mIP:142 [0m[32m[0423 18:01:31 @model.py:298][0m Epoch[69] Batch[100] Speed: 188.400849 samples/sec loss: 4.51494 acc: 0.61025 ce: 1.08466 lat: 2.79372 ener: 5.32415
[33mIP:142 [0m[32m[0423 18:02:22 @model.py:324][0m Start to train theta for epoch 70
[33mIP:142 [0m[32m[0423 18:03:48 @model.py:298][0m Epoch[70] Batch[100] Speed: 186.738331 samples/sec loss: 4.51181 acc: 0.61009 ce: 1.08527 lat: 2.79231 ener: 5.30481
[33mIP:142 [0m[32m[0423 18:05:09 @model.py:268][0m Change temperature from 0.33608 to 0.32129
[33mIP:142 [0m[32m[0423 18:05:09 @model.py:332][0m Start to train w for epoch 70
[33mIP:142 [0m[32m[0423 18:06:03 @model.py:298][0m Epoch[70] Batch[100] Speed: 189.807512 samples/sec loss: 4.50863 acc: 0.60996 ce: 1.08576 lat: 2.79091 ener: 5.28577
[33mIP:142 [0m[32m[0423 18:06:53 @model.py:324][0m Start to train theta for epoch 71
[33mIP:142 [0m[32m[0423 18:08:19 @model.py:298][0m Epoch[71] Batch[100] Speed: 188.153090 samples/sec loss: 4.50546 acc: 0.60991 ce: 1.08612 lat: 2.78956 ener: 5.26738
[33mIP:142 [0m[32m[0423 18:09:40 @model.py:268][0m Change temperature from 0.32129 to 0.30716
[33mIP:142 [0m[32m[0423 18:09:40 @model.py:332][0m Start to train w for epoch 71
[33mIP:142 [0m[32m[0423 18:10:34 @model.py:298][0m Epoch[71] Batch[100] Speed: 189.349804 samples/sec loss: 4.50243 acc: 0.60992 ce: 1.08634 lat: 2.78830 ener: 5.25028
[33mIP:142 [0m[32m[0423 18:11:25 @model.py:324][0m Start to train theta for epoch 72
[33mIP:142 [0m[32m[0423 18:12:51 @model.py:298][0m Epoch[72] Batch[100] Speed: 187.606955 samples/sec loss: 4.49929 acc: 0.60995 ce: 1.08641 lat: 2.78705 ener: 5.23335
[33mIP:142 [0m[32m[0423 18:14:12 @model.py:268][0m Change temperature from 0.30716 to 0.29364
[33mIP:142 [0m[32m[0423 18:14:12 @model.py:332][0m Start to train w for epoch 72
[33mIP:142 [0m[32m[0423 18:15:06 @model.py:298][0m Epoch[72] Batch[100] Speed: 189.483078 samples/sec loss: 4.49612 acc: 0.60998 ce: 1.08650 lat: 2.78579 ener: 5.21642
[33mIP:142 [0m[32m[0423 18:15:56 @model.py:324][0m Start to train theta for epoch 73
[33mIP:142 [0m[32m[0423 18:17:22 @model.py:298][0m Epoch[73] Batch[100] Speed: 188.377251 samples/sec loss: 4.49291 acc: 0.61005 ce: 1.08648 lat: 2.78454 ener: 5.19977
[33mIP:142 [0m[32m[0423 18:18:43 @model.py:268][0m Change temperature from 0.29364 to 0.28072
[33mIP:142 [0m[32m[0423 18:18:43 @model.py:332][0m Start to train w for epoch 73
[33mIP:142 [0m[32m[0423 18:19:37 @model.py:298][0m Epoch[73] Batch[100] Speed: 190.116153 samples/sec loss: 4.48971 acc: 0.61010 ce: 1.08645 lat: 2.78330 ener: 5.18334
[33mIP:142 [0m[32m[0423 18:20:27 @model.py:324][0m Start to train theta for epoch 74
[33mIP:142 [0m[32m[0423 18:21:53 @model.py:298][0m Epoch[74] Batch[100] Speed: 188.064296 samples/sec loss: 4.48687 acc: 0.61011 ce: 1.08669 lat: 2.78209 ener: 5.16739
[33mIP:142 [0m[32m[0423 18:23:14 @model.py:268][0m Change temperature from 0.28072 to 0.26837
[33mIP:142 [0m[32m[0423 18:23:14 @model.py:332][0m Start to train w for epoch 74
[33mIP:142 [0m[32m[0423 18:24:09 @model.py:298][0m Epoch[74] Batch[100] Speed: 188.427853 samples/sec loss: 4.48407 acc: 0.61015 ce: 1.08675 lat: 2.78095 ener: 5.15243
[33mIP:142 [0m[32m[0423 18:24:59 @model.py:324][0m Start to train theta for epoch 75
[33mIP:142 [0m[32m[0423 18:26:25 @model.py:298][0m Epoch[75] Batch[100] Speed: 188.175629 samples/sec loss: 4.48089 acc: 0.61032 ce: 1.08642 lat: 2.77981 ener: 5.13755
[33mIP:142 [0m[32m[0423 18:27:45 @model.py:268][0m Change temperature from 0.26837 to 0.25656
[33mIP:142 [0m[32m[0423 18:27:45 @model.py:332][0m Start to train w for epoch 75
[33mIP:142 [0m[32m[0423 18:28:40 @model.py:298][0m Epoch[75] Batch[100] Speed: 189.595409 samples/sec loss: 4.47764 acc: 0.61046 ce: 1.08621 lat: 2.77861 ener: 5.12193
[33mIP:142 [0m[32m[0423 18:29:32 @model.py:324][0m Start to train theta for epoch 76
[33mIP:142 [0m[32m[0423 18:30:57 @model.py:298][0m Epoch[76] Batch[100] Speed: 185.875780 samples/sec loss: 4.47463 acc: 0.61054 ce: 1.08618 lat: 2.77744 ener: 5.10664
[33mIP:142 [0m[32m[0423 18:32:18 @model.py:268][0m Change temperature from 0.25656 to 0.24527
[33mIP:142 [0m[32m[0423 18:32:18 @model.py:332][0m Start to train w for epoch 76
[33mIP:142 [0m[32m[0423 18:33:12 @model.py:298][0m Epoch[76] Batch[100] Speed: 190.128814 samples/sec loss: 4.47158 acc: 0.61071 ce: 1.08584 lat: 2.77635 ener: 5.09249
[33mIP:142 [0m[32m[0423 18:34:02 @model.py:324][0m Start to train theta for epoch 77
[33mIP:142 [0m[32m[0423 18:35:28 @model.py:298][0m Epoch[77] Batch[100] Speed: 188.678915 samples/sec loss: 4.46853 acc: 0.61094 ce: 1.08546 lat: 2.77529 ener: 5.07857
[33mIP:142 [0m[32m[0423 18:36:48 @model.py:268][0m Change temperature from 0.24527 to 0.23448
[33mIP:142 [0m[32m[0423 18:36:48 @model.py:332][0m Start to train w for epoch 77
[33mIP:142 [0m[32m[0423 18:37:42 @model.py:298][0m Epoch[77] Batch[100] Speed: 190.362940 samples/sec loss: 4.46543 acc: 0.61117 ce: 1.08505 lat: 2.77421 ener: 5.06455
[33mIP:142 [0m[32m[0423 18:38:32 @model.py:324][0m Start to train theta for epoch 78
[33mIP:142 [0m[32m[0423 18:39:58 @model.py:298][0m Epoch[78] Batch[100] Speed: 188.805933 samples/sec loss: 4.46231 acc: 0.61134 ce: 1.08466 lat: 2.77312 ener: 5.05047
[33mIP:142 [0m[32m[0423 18:41:19 @model.py:268][0m Change temperature from 0.23448 to 0.22416
[33mIP:142 [0m[32m[0423 18:41:19 @model.py:332][0m Start to train w for epoch 78
[33mIP:142 [0m[32m[0423 18:42:13 @model.py:298][0m Epoch[78] Batch[100] Speed: 189.431748 samples/sec loss: 4.45908 acc: 0.61150 ce: 1.08437 lat: 2.77197 ener: 5.03557
[33mIP:142 [0m[32m[0423 18:43:03 @model.py:324][0m Start to train theta for epoch 79
[33mIP:142 [0m[32m[0423 18:44:30 @model.py:298][0m Epoch[79] Batch[100] Speed: 186.646891 samples/sec loss: 4.45584 acc: 0.61168 ce: 1.08402 lat: 2.77084 ener: 5.02090
[33mIP:142 [0m[32m[0423 18:45:51 @model.py:268][0m Change temperature from 0.22416 to 0.21430
[33mIP:142 [0m[32m[0423 18:45:51 @model.py:332][0m Start to train w for epoch 79
[33mIP:142 [0m[32m[0423 18:46:45 @model.py:298][0m Epoch[79] Batch[100] Speed: 189.376700 samples/sec loss: 4.45257 acc: 0.61195 ce: 1.08341 lat: 2.76978 ener: 5.00721
[33mIP:142 [0m[32m[0423 18:47:35 @model.py:324][0m Start to train theta for epoch 80
[33mIP:142 [0m[32m[0423 18:49:01 @model.py:298][0m Epoch[80] Batch[100] Speed: 188.620255 samples/sec loss: 4.44914 acc: 0.61230 ce: 1.08254 lat: 2.76876 ener: 4.99395
[33mIP:142 [0m[32m[0423 18:50:22 @model.py:268][0m Change temperature from 0.21430 to 0.20487
[33mIP:142 [0m[32m[0423 18:50:22 @model.py:332][0m Start to train w for epoch 80
[33mIP:142 [0m[32m[0423 18:51:17 @model.py:298][0m Epoch[80] Batch[100] Speed: 188.762696 samples/sec loss: 4.44573 acc: 0.61267 ce: 1.08163 lat: 2.76776 ener: 4.98100
[33mIP:142 [0m[32m[0423 18:52:07 @model.py:324][0m Start to train theta for epoch 81
[33mIP:142 [0m[32m[0423 18:53:33 @model.py:298][0m Epoch[81] Batch[100] Speed: 187.134237 samples/sec loss: 4.44248 acc: 0.61298 ce: 1.08087 lat: 2.76677 ener: 4.96812
[33mIP:142 [0m[32m[0423 18:54:54 @model.py:268][0m Change temperature from 0.20487 to 0.19586
[33mIP:142 [0m[32m[0423 18:54:54 @model.py:332][0m Start to train w for epoch 81
[33mIP:142 [0m[32m[0423 18:55:51 @model.py:298][0m Epoch[81] Batch[100] Speed: 185.622696 samples/sec loss: 4.43927 acc: 0.61326 ce: 1.08022 lat: 2.76576 ener: 4.95499
[33mIP:142 [0m[32m[0423 18:56:45 @model.py:324][0m Start to train theta for epoch 82
[33mIP:142 [0m[32m[0423 18:58:11 @model.py:298][0m Epoch[82] Batch[100] Speed: 183.222049 samples/sec loss: 4.43596 acc: 0.61356 ce: 1.07946 lat: 2.76474 ener: 4.94190
[33mIP:142 [0m[32m[0423 18:59:32 @model.py:268][0m Change temperature from 0.19586 to 0.18724
[33mIP:142 [0m[32m[0423 18:59:32 @model.py:332][0m Start to train w for epoch 82
[33mIP:142 [0m[32m[0423 19:00:26 @model.py:298][0m Epoch[82] Batch[100] Speed: 189.093451 samples/sec loss: 4.43261 acc: 0.61385 ce: 1.07876 lat: 2.76370 ener: 4.92848
[33mIP:142 [0m[32m[0423 19:01:16 @model.py:324][0m Start to train theta for epoch 83
[33mIP:142 [0m[32m[0423 19:02:42 @model.py:298][0m Epoch[83] Batch[100] Speed: 188.943241 samples/sec loss: 4.42897 acc: 0.61425 ce: 1.07776 lat: 2.76267 ener: 4.91513
[33mIP:142 [0m[32m[0423 19:04:02 @model.py:268][0m Change temperature from 0.18724 to 0.17900
[33mIP:142 [0m[32m[0423 19:04:02 @model.py:332][0m Start to train w for epoch 83
[33mIP:142 [0m[32m[0423 19:04:56 @model.py:298][0m Epoch[83] Batch[100] Speed: 190.390858 samples/sec loss: 4.42535 acc: 0.61465 ce: 1.07678 lat: 2.76164 ener: 4.90181
[33mIP:142 [0m[32m[0423 19:05:46 @model.py:324][0m Start to train theta for epoch 84
[33mIP:142 [0m[32m[0423 19:07:12 @model.py:298][0m Epoch[84] Batch[100] Speed: 188.127688 samples/sec loss: 4.42171 acc: 0.61506 ce: 1.07577 lat: 2.76061 ener: 4.88858
[33mIP:142 [0m[32m[0423 19:08:33 @model.py:268][0m Change temperature from 0.17900 to 0.17112
[33mIP:142 [0m[32m[0423 19:08:33 @model.py:332][0m Start to train w for epoch 84
[33mIP:142 [0m[32m[0423 19:09:27 @model.py:298][0m Epoch[84] Batch[100] Speed: 189.976991 samples/sec loss: 4.41807 acc: 0.61546 ce: 1.07477 lat: 2.75958 ener: 4.87532
[33mIP:142 [0m[32m[0423 19:10:18 @model.py:324][0m Start to train theta for epoch 85
[33mIP:142 [0m[32m[0423 19:11:43 @model.py:298][0m Epoch[85] Batch[100] Speed: 188.132784 samples/sec loss: 4.41430 acc: 0.61591 ce: 1.07361 lat: 2.75856 ener: 4.86221
[33mIP:142 [0m[32m[0423 19:13:05 @model.py:268][0m Change temperature from 0.17112 to 0.16359
[33mIP:142 [0m[32m[0423 19:13:05 @model.py:332][0m Start to train w for epoch 85
[33mIP:142 [0m[32m[0423 19:13:59 @model.py:298][0m Epoch[85] Batch[100] Speed: 188.964724 samples/sec loss: 4.41052 acc: 0.61636 ce: 1.07243 lat: 2.75755 ener: 4.84921
[33mIP:142 [0m[32m[0423 19:14:49 @model.py:324][0m Start to train theta for epoch 86
[33mIP:142 [0m[32m[0423 19:16:15 @model.py:298][0m Epoch[86] Batch[100] Speed: 188.390429 samples/sec loss: 4.40691 acc: 0.61677 ce: 1.07139 lat: 2.75655 ener: 4.83635
[33mIP:142 [0m[32m[0423 19:17:35 @model.py:268][0m Change temperature from 0.16359 to 0.15640
[33mIP:142 [0m[32m[0423 19:17:35 @model.py:332][0m Start to train w for epoch 86
[33mIP:142 [0m[32m[0423 19:18:29 @model.py:298][0m Epoch[86] Batch[100] Speed: 190.206640 samples/sec loss: 4.40335 acc: 0.61720 ce: 1.07036 lat: 2.75556 ener: 4.82368
[33mIP:142 [0m[32m[0423 19:19:19 @model.py:324][0m Start to train theta for epoch 87
[33mIP:142 [0m[32m[0423 19:20:45 @model.py:298][0m Epoch[87] Batch[100] Speed: 188.475257 samples/sec loss: 4.39967 acc: 0.61764 ce: 1.06919 lat: 2.75459 ener: 4.81113
[33mIP:142 [0m[32m[0423 19:22:06 @model.py:268][0m Change temperature from 0.15640 to 0.14952
[33mIP:142 [0m[32m[0423 19:22:06 @model.py:332][0m Start to train w for epoch 87
[33mIP:142 [0m[32m[0423 19:23:00 @model.py:298][0m Epoch[87] Batch[100] Speed: 190.367174 samples/sec loss: 4.39598 acc: 0.61810 ce: 1.06797 lat: 2.75362 ener: 4.79873
[33mIP:142 [0m[32m[0423 19:23:50 @model.py:324][0m Start to train theta for epoch 88
[33mIP:142 [0m[32m[0423 19:25:15 @model.py:298][0m Epoch[88] Batch[100] Speed: 188.604735 samples/sec loss: 4.39215 acc: 0.61862 ce: 1.06659 lat: 2.75267 ener: 4.78648
[33mIP:142 [0m[32m[0423 19:26:36 @model.py:268][0m Change temperature from 0.14952 to 0.14294
[33mIP:142 [0m[32m[0423 19:26:36 @model.py:332][0m Start to train w for epoch 88
[33mIP:142 [0m[32m[0423 19:27:30 @model.py:298][0m Epoch[88] Batch[100] Speed: 189.759166 samples/sec loss: 4.38832 acc: 0.61915 ce: 1.06519 lat: 2.75172 ener: 4.77434
[33mIP:142 [0m[32m[0423 19:28:20 @model.py:324][0m Start to train theta for epoch 89
[33mIP:142 [0m[32m[0423 19:29:46 @model.py:298][0m Epoch[89] Batch[100] Speed: 189.096906 samples/sec loss: 4.38448 acc: 0.61968 ce: 1.06375 lat: 2.75079 ener: 4.76234
[33mIP:142 [0m[32m[0423 19:31:06 @model.py:268][0m Change temperature from 0.14294 to 0.13665
[33mIP:142 [0m[32m[0423 19:31:06 @model.py:332][0m Start to train w for epoch 89
[33mIP:142 [0m[32m[0423 19:32:00 @model.py:298][0m Epoch[89] Batch[100] Speed: 190.392545 samples/sec loss: 4.38070 acc: 0.62021 ce: 1.06233 lat: 2.74986 ener: 4.75053
