[33mIP:142 [0m[32m[0425 19:41:02 @model.py:312][0m Start to train w for epoch 0
[33mIP:142 [0m[32m[0425 19:42:00 @model.py:297][0m Epoch[0] Batch[100] Speed: 445.548097 samples/sec loss: 7.10709 acc: 0.11928 ce: 2.28672 lat: 3.85290 ener: 18.70384
[33mIP:142 [0m[32m[0425 19:42:53 @model.py:312][0m Start to train w for epoch 1
[33mIP:142 [0m[32m[0425 19:43:50 @model.py:297][0m Epoch[1] Batch[100] Speed: 231.394098 samples/sec loss: 6.89225 acc: 0.19196 ce: 2.07260 lat: 3.85275 ener: 18.70049
[33mIP:142 [0m[32m[0425 19:44:43 @model.py:312][0m Start to train w for epoch 2
[33mIP:142 [0m[32m[0425 19:45:40 @model.py:297][0m Epoch[2] Batch[100] Speed: 232.931034 samples/sec loss: 6.79565 acc: 0.22740 ce: 1.97606 lat: 3.85272 ener: 18.70025
[33mIP:142 [0m[32m[0425 19:46:33 @model.py:312][0m Start to train w for epoch 3
[33mIP:142 [0m[32m[0425 19:47:30 @model.py:297][0m Epoch[3] Batch[100] Speed: 233.127628 samples/sec loss: 6.74379 acc: 0.24740 ce: 1.92417 lat: 3.85274 ener: 18.70038
[33mIP:142 [0m[32m[0425 19:48:23 @model.py:312][0m Start to train w for epoch 4
[33mIP:142 [0m[32m[0425 19:49:20 @model.py:297][0m Epoch[4] Batch[100] Speed: 232.829236 samples/sec loss: 6.70460 acc: 0.26235 ce: 1.88497 lat: 3.85275 ener: 18.70037
[33mIP:142 [0m[32m[0425 19:50:13 @model.py:312][0m Start to train w for epoch 5
[33mIP:142 [0m[32m[0425 19:51:10 @model.py:297][0m Epoch[5] Batch[100] Speed: 232.173127 samples/sec loss: 6.66837 acc: 0.27951 ce: 1.84872 lat: 3.85277 ener: 18.70047
[33mIP:142 [0m[32m[0425 19:52:04 @model.py:312][0m Start to train w for epoch 6
[33mIP:142 [0m[32m[0425 19:53:01 @model.py:297][0m Epoch[6] Batch[100] Speed: 231.938394 samples/sec loss: 6.62717 acc: 0.29816 ce: 1.80757 lat: 3.85277 ener: 18.70025
[33mIP:142 [0m[32m[0425 19:53:53 @model.py:312][0m Start to train w for epoch 7
[33mIP:142 [0m[32m[0425 19:54:51 @model.py:297][0m Epoch[7] Batch[100] Speed: 232.021967 samples/sec loss: 6.58875 acc: 0.31556 ce: 1.76921 lat: 3.85274 ener: 18.69995
[33mIP:142 [0m[32m[0425 19:55:44 @model.py:312][0m Start to train w for epoch 8
[33mIP:142 [0m[32m[0425 19:56:41 @model.py:297][0m Epoch[8] Batch[100] Speed: 232.351974 samples/sec loss: 6.55443 acc: 0.33096 ce: 1.73492 lat: 3.85273 ener: 18.69982
[33mIP:142 [0m[32m[0425 19:57:34 @model.py:312][0m Start to train w for epoch 9
[33mIP:142 [0m[32m[0425 19:58:31 @model.py:297][0m Epoch[9] Batch[100] Speed: 232.918584 samples/sec loss: 6.52096 acc: 0.34625 ce: 1.70149 lat: 3.85272 ener: 18.69966
[33mIP:142 [0m[32m[0425 19:59:24 @model.py:323][0m Start to train theta for epoch 10
[33mIP:142 [0m[32m[0425 20:00:19 @model.py:297][0m Epoch[10] Batch[100] Speed: 463.879248 samples/sec loss: 6.48021 acc: 0.36020 ce: 1.67059 lat: 3.85089 ener: 18.65358
[33mIP:142 [0m[32m[0425 20:01:09 @model.py:267][0m Change temperature from 5.00000 to 4.78000
[33mIP:142 [0m[32m[0425 20:01:09 @model.py:331][0m Start to train w for epoch 10
[33mIP:142 [0m[32m[0425 20:02:06 @model.py:297][0m Epoch[10] Batch[100] Speed: 239.312502 samples/sec loss: 6.39669 acc: 0.37245 ce: 1.64311 lat: 3.84046 ener: 18.39159
[33mIP:142 [0m[32m[0425 20:02:59 @model.py:323][0m Start to train theta for epoch 11
[33mIP:142 [0m[32m[0425 20:03:53 @model.py:297][0m Epoch[11] Batch[100] Speed: 240.160053 samples/sec loss: 6.30605 acc: 0.38551 ce: 1.61302 lat: 3.82911 ener: 18.10861
[33mIP:142 [0m[32m[0425 20:04:42 @model.py:267][0m Change temperature from 4.78000 to 4.56968
[33mIP:142 [0m[32m[0425 20:04:42 @model.py:331][0m Start to train w for epoch 11
[33mIP:142 [0m[32m[0425 20:05:39 @model.py:297][0m Epoch[11] Batch[100] Speed: 240.164033 samples/sec loss: 6.19836 acc: 0.39716 ce: 1.58645 lat: 3.81339 ener: 17.73035
[33mIP:142 [0m[32m[0425 20:06:32 @model.py:323][0m Start to train theta for epoch 12
[33mIP:142 [0m[32m[0425 20:07:26 @model.py:297][0m Epoch[12] Batch[100] Speed: 240.411754 samples/sec loss: 6.09337 acc: 0.40833 ce: 1.56101 lat: 3.79741 ener: 17.36030
[33mIP:142 [0m[32m[0425 20:08:15 @model.py:267][0m Change temperature from 4.56968 to 4.36861
[33mIP:142 [0m[32m[0425 20:08:15 @model.py:331][0m Start to train w for epoch 12
[33mIP:142 [0m[32m[0425 20:09:13 @model.py:297][0m Epoch[12] Batch[100] Speed: 239.586553 samples/sec loss: 5.98066 acc: 0.41797 ce: 1.53971 lat: 3.77640 ener: 16.93951
[33mIP:142 [0m[32m[0425 20:10:05 @model.py:323][0m Start to train theta for epoch 13
[33mIP:142 [0m[32m[0425 20:10:59 @model.py:297][0m Epoch[13] Batch[100] Speed: 240.847216 samples/sec loss: 5.87129 acc: 0.42684 ce: 1.51876 lat: 3.75513 ener: 16.53408
[33mIP:142 [0m[32m[0425 20:11:49 @model.py:267][0m Change temperature from 4.36861 to 4.17640
[33mIP:142 [0m[32m[0425 20:11:49 @model.py:331][0m Start to train w for epoch 13
[33mIP:142 [0m[32m[0425 20:12:46 @model.py:297][0m Epoch[13] Batch[100] Speed: 239.822460 samples/sec loss: 5.75689 acc: 0.43471 ce: 1.50072 lat: 3.72957 ener: 16.09618
[33mIP:142 [0m[32m[0425 20:13:39 @model.py:323][0m Start to train theta for epoch 14
[33mIP:142 [0m[32m[0425 20:14:32 @model.py:297][0m Epoch[14] Batch[100] Speed: 241.177010 samples/sec loss: 5.64529 acc: 0.44302 ce: 1.48134 lat: 3.70448 ener: 15.67801
[33mIP:142 [0m[32m[0425 20:15:22 @model.py:267][0m Change temperature from 4.17640 to 3.99263
[33mIP:142 [0m[32m[0425 20:15:22 @model.py:331][0m Start to train w for epoch 14
[33mIP:142 [0m[32m[0425 20:16:19 @model.py:297][0m Epoch[14] Batch[100] Speed: 238.882456 samples/sec loss: 5.53381 acc: 0.45066 ce: 1.46379 lat: 3.67742 ener: 15.25454
[33mIP:142 [0m[32m[0425 20:17:12 @model.py:323][0m Start to train theta for epoch 15
[33mIP:142 [0m[32m[0425 20:18:05 @model.py:297][0m Epoch[15] Batch[100] Speed: 240.573879 samples/sec loss: 5.42757 acc: 0.45782 ce: 1.44658 lat: 3.65120 ener: 14.85408
[33mIP:142 [0m[32m[0425 20:18:55 @model.py:267][0m Change temperature from 3.99263 to 3.81696
[33mIP:142 [0m[32m[0425 20:18:55 @model.py:331][0m Start to train w for epoch 15
[33mIP:142 [0m[32m[0425 20:19:52 @model.py:297][0m Epoch[15] Batch[100] Speed: 239.694487 samples/sec loss: 5.32464 acc: 0.46424 ce: 1.43105 lat: 3.62415 ener: 14.46298
[33mIP:142 [0m[32m[0425 20:20:45 @model.py:323][0m Start to train theta for epoch 16
[33mIP:142 [0m[32m[0425 20:21:38 @model.py:297][0m Epoch[16] Batch[100] Speed: 241.336420 samples/sec loss: 5.22741 acc: 0.47051 ce: 1.41630 lat: 3.59830 ener: 14.09448
[33mIP:142 [0m[32m[0425 20:22:28 @model.py:267][0m Change temperature from 3.81696 to 3.64901
[33mIP:142 [0m[32m[0425 20:22:28 @model.py:331][0m Start to train w for epoch 16
[33mIP:142 [0m[32m[0425 20:23:25 @model.py:297][0m Epoch[16] Batch[100] Speed: 239.999504 samples/sec loss: 5.13455 acc: 0.47621 ce: 1.40290 lat: 3.57244 ener: 13.74092
[33mIP:142 [0m[32m[0425 20:24:18 @model.py:323][0m Start to train theta for epoch 17
[33mIP:142 [0m[32m[0425 20:25:11 @model.py:297][0m Epoch[17] Batch[100] Speed: 241.317290 samples/sec loss: 5.04411 acc: 0.48247 ce: 1.38768 lat: 3.54754 ener: 13.40686
[33mIP:142 [0m[32m[0425 20:26:01 @model.py:267][0m Change temperature from 3.64901 to 3.48846
[33mIP:142 [0m[32m[0425 20:26:01 @model.py:331][0m Start to train w for epoch 17
[33mIP:142 [0m[32m[0425 20:26:58 @model.py:297][0m Epoch[17] Batch[100] Speed: 240.013564 samples/sec loss: 4.95813 acc: 0.48822 ce: 1.37395 lat: 3.52273 ener: 13.08745
[33mIP:142 [0m[32m[0425 20:27:51 @model.py:323][0m Start to train theta for epoch 18
[33mIP:142 [0m[32m[0425 20:28:44 @model.py:297][0m Epoch[18] Batch[100] Speed: 241.577805 samples/sec loss: 4.87531 acc: 0.49406 ce: 1.35960 lat: 3.49899 ener: 12.78514
[33mIP:142 [0m[32m[0425 20:29:33 @model.py:267][0m Change temperature from 3.48846 to 3.33496
[33mIP:142 [0m[32m[0425 20:29:33 @model.py:331][0m Start to train w for epoch 18
[33mIP:142 [0m[32m[0425 20:30:30 @model.py:297][0m Epoch[18] Batch[100] Speed: 240.370112 samples/sec loss: 4.79702 acc: 0.49927 ce: 1.34659 lat: 3.47587 ener: 12.49760
[33mIP:142 [0m[32m[0425 20:31:23 @model.py:323][0m Start to train theta for epoch 19
[33mIP:142 [0m[32m[0425 20:32:16 @model.py:297][0m Epoch[19] Batch[100] Speed: 241.355962 samples/sec loss: 4.72599 acc: 0.50325 ce: 1.33718 lat: 3.45398 ener: 12.22628
[33mIP:142 [0m[32m[0425 20:33:06 @model.py:267][0m Change temperature from 3.33496 to 3.18822
[33mIP:142 [0m[32m[0425 20:33:06 @model.py:331][0m Start to train w for epoch 19
[33mIP:142 [0m[32m[0425 20:34:03 @model.py:297][0m Epoch[19] Batch[100] Speed: 240.331520 samples/sec loss: 4.65929 acc: 0.50717 ce: 1.32798 lat: 3.43375 ener: 11.97276
[33mIP:142 [0m[32m[0425 20:34:56 @model.py:323][0m Start to train theta for epoch 20
[33mIP:142 [0m[32m[0425 20:35:49 @model.py:297][0m Epoch[20] Batch[100] Speed: 241.088789 samples/sec loss: 4.59592 acc: 0.51084 ce: 1.31905 lat: 3.41461 ener: 11.73271
[33mIP:142 [0m[32m[0425 20:36:38 @model.py:267][0m Change temperature from 3.18822 to 3.04794
[33mIP:142 [0m[32m[0425 20:36:38 @model.py:331][0m Start to train w for epoch 20
[33mIP:142 [0m[32m[0425 20:37:38 @model.py:297][0m Epoch[20] Batch[100] Speed: 234.183920 samples/sec loss: 4.53659 acc: 0.51431 ce: 1.31085 lat: 3.39678 ener: 11.50701
[33mIP:142 [0m[32m[0425 20:38:31 @model.py:323][0m Start to train theta for epoch 21
[33mIP:142 [0m[32m[0425 20:39:24 @model.py:297][0m Epoch[21] Batch[100] Speed: 241.359913 samples/sec loss: 4.47896 acc: 0.51782 ce: 1.30230 lat: 3.37955 ener: 11.29055
[33mIP:142 [0m[32m[0425 20:40:14 @model.py:267][0m Change temperature from 3.04794 to 2.91383
[33mIP:142 [0m[32m[0425 20:40:14 @model.py:331][0m Start to train w for epoch 21
[33mIP:142 [0m[32m[0425 20:41:11 @model.py:297][0m Epoch[21] Batch[100] Speed: 239.821386 samples/sec loss: 4.42384 acc: 0.52104 ce: 1.29458 lat: 3.36258 ener: 11.08199
[33mIP:142 [0m[32m[0425 20:42:04 @model.py:323][0m Start to train theta for epoch 22
[33mIP:142 [0m[32m[0425 20:42:57 @model.py:297][0m Epoch[22] Batch[100] Speed: 240.983509 samples/sec loss: 4.37093 acc: 0.52406 ce: 1.28701 lat: 3.34630 ener: 10.88255
[33mIP:142 [0m[32m[0425 20:43:47 @model.py:267][0m Change temperature from 2.91383 to 2.78562
[33mIP:142 [0m[32m[0425 20:43:47 @model.py:331][0m Start to train w for epoch 22
[33mIP:142 [0m[32m[0425 20:44:45 @model.py:297][0m Epoch[22] Batch[100] Speed: 236.974941 samples/sec loss: 4.32087 acc: 0.52691 ce: 1.28014 lat: 3.33081 ener: 10.69256
[33mIP:142 [0m[32m[0425 20:45:38 @model.py:323][0m Start to train theta for epoch 23
[33mIP:142 [0m[32m[0425 20:46:32 @model.py:297][0m Epoch[23] Batch[100] Speed: 240.621223 samples/sec loss: 4.27147 acc: 0.53011 ce: 1.27234 lat: 3.31574 ener: 10.50973
[33mIP:142 [0m[32m[0425 20:47:22 @model.py:267][0m Change temperature from 2.78562 to 2.66306
[33mIP:142 [0m[32m[0425 20:47:22 @model.py:331][0m Start to train w for epoch 23
[33mIP:142 [0m[32m[0425 20:48:19 @model.py:297][0m Epoch[23] Batch[100] Speed: 239.585926 samples/sec loss: 4.22408 acc: 0.53306 ce: 1.26505 lat: 3.30091 ener: 10.33402
[33mIP:142 [0m[32m[0425 20:49:11 @model.py:323][0m Start to train theta for epoch 24
[33mIP:142 [0m[32m[0425 20:50:05 @model.py:297][0m Epoch[24] Batch[100] Speed: 241.092590 samples/sec loss: 4.17847 acc: 0.53588 ce: 1.25822 lat: 3.28648 ener: 10.16422
[33mIP:142 [0m[32m[0425 20:50:54 @model.py:267][0m Change temperature from 2.66306 to 2.54588
[33mIP:142 [0m[32m[0425 20:50:54 @model.py:331][0m Start to train w for epoch 24
[33mIP:142 [0m[32m[0425 20:51:52 @model.py:297][0m Epoch[24] Batch[100] Speed: 239.422828 samples/sec loss: 4.13450 acc: 0.53855 ce: 1.25177 lat: 3.27238 ener: 10.00015
[33mIP:142 [0m[32m[0425 20:52:45 @model.py:323][0m Start to train theta for epoch 25
[33mIP:142 [0m[32m[0425 20:53:38 @model.py:297][0m Epoch[25] Batch[100] Speed: 241.018981 samples/sec loss: 4.09209 acc: 0.54114 ce: 1.24549 lat: 3.25875 ener: 9.84219
[33mIP:142 [0m[32m[0425 20:54:28 @model.py:267][0m Change temperature from 2.54588 to 2.43386
[33mIP:142 [0m[32m[0425 20:54:28 @model.py:331][0m Start to train w for epoch 25
[33mIP:142 [0m[32m[0425 20:55:25 @model.py:297][0m Epoch[25] Batch[100] Speed: 239.591179 samples/sec loss: 4.05128 acc: 0.54375 ce: 1.23926 lat: 3.24565 ener: 9.69109
[33mIP:142 [0m[32m[0425 20:56:18 @model.py:323][0m Start to train theta for epoch 26
[33mIP:142 [0m[32m[0425 20:57:11 @model.py:297][0m Epoch[26] Batch[100] Speed: 241.249619 samples/sec loss: 4.01154 acc: 0.54633 ce: 1.23288 lat: 3.23301 ener: 9.54535
[33mIP:142 [0m[32m[0425 20:58:00 @model.py:267][0m Change temperature from 2.43386 to 2.32677
[33mIP:142 [0m[32m[0425 20:58:00 @model.py:331][0m Start to train w for epoch 26
[33mIP:142 [0m[32m[0425 20:58:58 @model.py:297][0m Epoch[26] Batch[100] Speed: 239.166555 samples/sec loss: 3.97298 acc: 0.54901 ce: 1.22628 lat: 3.22092 ener: 9.40570
[33mIP:142 [0m[32m[0425 20:59:51 @model.py:323][0m Start to train theta for epoch 27
[33mIP:142 [0m[32m[0425 21:00:44 @model.py:297][0m Epoch[27] Batch[100] Speed: 241.044721 samples/sec loss: 3.93522 acc: 0.55180 ce: 1.21947 lat: 3.20918 ener: 9.27047
[33mIP:142 [0m[32m[0425 21:01:34 @model.py:267][0m Change temperature from 2.32677 to 2.22440
[33mIP:142 [0m[32m[0425 21:01:34 @model.py:331][0m Start to train w for epoch 27
[33mIP:142 [0m[32m[0425 21:02:33 @model.py:297][0m Epoch[27] Batch[100] Speed: 235.861725 samples/sec loss: 3.89867 acc: 0.55446 ce: 1.21282 lat: 3.19776 ener: 9.13995
[33mIP:142 [0m[32m[0425 21:03:27 @model.py:323][0m Start to train theta for epoch 28
[33mIP:142 [0m[32m[0425 21:04:20 @model.py:297][0m Epoch[28] Batch[100] Speed: 237.488555 samples/sec loss: 3.86322 acc: 0.55705 ce: 1.20630 lat: 3.18670 ener: 9.01367
[33mIP:142 [0m[32m[0425 21:05:10 @model.py:267][0m Change temperature from 2.22440 to 2.12652
[33mIP:142 [0m[32m[0425 21:05:10 @model.py:331][0m Start to train w for epoch 28
[33mIP:142 [0m[32m[0425 21:06:07 @model.py:297][0m Epoch[28] Batch[100] Speed: 239.276567 samples/sec loss: 3.82905 acc: 0.55957 ce: 1.20009 lat: 3.17599 ener: 8.89170
[33mIP:142 [0m[32m[0425 21:07:00 @model.py:323][0m Start to train theta for epoch 29
[33mIP:142 [0m[32m[0425 21:07:54 @model.py:297][0m Epoch[29] Batch[100] Speed: 241.026144 samples/sec loss: 3.79567 acc: 0.56206 ce: 1.19377 lat: 3.16562 ener: 8.77364
[33mIP:142 [0m[32m[0425 21:08:43 @model.py:267][0m Change temperature from 2.12652 to 2.03296
[33mIP:142 [0m[32m[0425 21:08:43 @model.py:331][0m Start to train w for epoch 29
[33mIP:142 [0m[32m[0425 21:09:41 @model.py:297][0m Epoch[29] Batch[100] Speed: 239.508855 samples/sec loss: 3.76454 acc: 0.56417 ce: 1.18868 lat: 3.15565 ener: 8.65993
[33mIP:142 [0m[32m[0425 21:10:34 @model.py:323][0m Start to train theta for epoch 30
[33mIP:142 [0m[32m[0425 21:11:27 @model.py:297][0m Epoch[30] Batch[100] Speed: 240.634431 samples/sec loss: 3.73606 acc: 0.56561 ce: 1.18544 lat: 3.14600 ener: 8.54978
[33mIP:142 [0m[32m[0425 21:12:16 @model.py:267][0m Change temperature from 2.03296 to 1.94351
[33mIP:142 [0m[32m[0425 21:12:16 @model.py:331][0m Start to train w for epoch 30
[33mIP:142 [0m[32m[0425 21:13:14 @model.py:297][0m Epoch[30] Batch[100] Speed: 239.449418 samples/sec loss: 3.70908 acc: 0.56690 ce: 1.18272 lat: 3.13676 ener: 8.44379
[33mIP:142 [0m[32m[0425 21:14:07 @model.py:323][0m Start to train theta for epoch 31
[33mIP:142 [0m[32m[0425 21:15:00 @model.py:297][0m Epoch[31] Batch[100] Speed: 240.209549 samples/sec loss: 3.68306 acc: 0.56808 ce: 1.18017 lat: 3.12783 ener: 8.34129
[33mIP:142 [0m[32m[0425 21:15:50 @model.py:267][0m Change temperature from 1.94351 to 1.85799
[33mIP:142 [0m[32m[0425 21:15:50 @model.py:331][0m Start to train w for epoch 31
[33mIP:142 [0m[32m[0425 21:16:47 @model.py:297][0m Epoch[31] Batch[100] Speed: 239.399235 samples/sec loss: 3.65790 acc: 0.56931 ce: 1.17744 lat: 3.11933 ener: 8.24326
[33mIP:142 [0m[32m[0425 21:17:41 @model.py:323][0m Start to train theta for epoch 32
[33mIP:142 [0m[32m[0425 21:18:34 @model.py:297][0m Epoch[32] Batch[100] Speed: 240.440590 samples/sec loss: 3.63291 acc: 0.57072 ce: 1.17433 lat: 3.11102 ener: 8.14768
[33mIP:142 [0m[32m[0425 21:19:23 @model.py:267][0m Change temperature from 1.85799 to 1.77624
[33mIP:142 [0m[32m[0425 21:19:23 @model.py:331][0m Start to train w for epoch 32
[33mIP:142 [0m[32m[0425 21:20:20 @model.py:297][0m Epoch[32] Batch[100] Speed: 240.015605 samples/sec loss: 3.60857 acc: 0.57204 ce: 1.17130 lat: 3.10289 ener: 8.05459
[33mIP:142 [0m[32m[0425 21:21:13 @model.py:323][0m Start to train theta for epoch 33
[33mIP:142 [0m[32m[0425 21:22:07 @model.py:297][0m Epoch[33] Batch[100] Speed: 241.285955 samples/sec loss: 3.58566 acc: 0.57315 ce: 1.16894 lat: 3.09504 ener: 7.96484
[33mIP:142 [0m[32m[0425 21:22:56 @model.py:267][0m Change temperature from 1.77624 to 1.69808
[33mIP:142 [0m[32m[0425 21:22:56 @model.py:331][0m Start to train w for epoch 33
[33mIP:142 [0m[32m[0425 21:23:53 @model.py:297][0m Epoch[33] Batch[100] Speed: 240.588232 samples/sec loss: 3.56343 acc: 0.57436 ce: 1.16623 lat: 3.08758 ener: 7.87964
[33mIP:142 [0m[32m[0425 21:24:46 @model.py:323][0m Start to train theta for epoch 34
[33mIP:142 [0m[32m[0425 21:25:39 @model.py:297][0m Epoch[34] Batch[100] Speed: 240.947304 samples/sec loss: 3.54153 acc: 0.57560 ce: 1.16348 lat: 3.08029 ener: 7.79597
[33mIP:142 [0m[32m[0425 21:26:29 @model.py:267][0m Change temperature from 1.69808 to 1.62337
[33mIP:142 [0m[32m[0425 21:26:29 @model.py:331][0m Start to train w for epoch 34
[33mIP:142 [0m[32m[0425 21:27:26 @model.py:297][0m Epoch[34] Batch[100] Speed: 239.751214 samples/sec loss: 3.51974 acc: 0.57688 ce: 1.16059 lat: 3.07313 ener: 7.71335
[33mIP:142 [0m[32m[0425 21:28:19 @model.py:323][0m Start to train theta for epoch 35
[33mIP:142 [0m[32m[0425 21:29:12 @model.py:297][0m Epoch[35] Batch[100] Speed: 241.249313 samples/sec loss: 3.49818 acc: 0.57818 ce: 1.15751 lat: 3.06612 ener: 7.63257
[33mIP:142 [0m[32m[0425 21:30:02 @model.py:267][0m Change temperature from 1.62337 to 1.55194
[33mIP:142 [0m[32m[0425 21:30:02 @model.py:331][0m Start to train w for epoch 35
[33mIP:142 [0m[32m[0425 21:30:59 @model.py:297][0m Epoch[35] Batch[100] Speed: 240.026990 samples/sec loss: 3.47728 acc: 0.57940 ce: 1.15467 lat: 3.05925 ener: 7.55366
[33mIP:142 [0m[32m[0425 21:31:52 @model.py:323][0m Start to train theta for epoch 36
[33mIP:142 [0m[32m[0425 21:32:45 @model.py:297][0m Epoch[36] Batch[100] Speed: 241.312464 samples/sec loss: 3.45666 acc: 0.58071 ce: 1.15163 lat: 3.05257 ener: 7.47681
[33mIP:142 [0m[32m[0425 21:33:34 @model.py:267][0m Change temperature from 1.55194 to 1.48366
[33mIP:142 [0m[32m[0425 21:33:34 @model.py:331][0m Start to train w for epoch 36
[33mIP:142 [0m[32m[0425 21:34:32 @model.py:297][0m Epoch[36] Batch[100] Speed: 239.946530 samples/sec loss: 3.43661 acc: 0.58199 ce: 1.14860 lat: 3.04616 ener: 7.40234
[33mIP:142 [0m[32m[0425 21:35:24 @model.py:323][0m Start to train theta for epoch 37
[33mIP:142 [0m[32m[0425 21:36:18 @model.py:297][0m Epoch[37] Batch[100] Speed: 241.164126 samples/sec loss: 3.41700 acc: 0.58332 ce: 1.14558 lat: 3.03990 ener: 7.32975
[33mIP:142 [0m[32m[0425 21:37:07 @model.py:267][0m Change temperature from 1.48366 to 1.41837
[33mIP:142 [0m[32m[0425 21:37:07 @model.py:331][0m Start to train w for epoch 37
[33mIP:142 [0m[32m[0425 21:38:07 @model.py:297][0m Epoch[37] Batch[100] Speed: 234.659683 samples/sec loss: 3.39787 acc: 0.58464 ce: 1.14250 lat: 3.03388 ener: 7.25950
[33mIP:142 [0m[32m[0425 21:39:00 @model.py:323][0m Start to train theta for epoch 38
[33mIP:142 [0m[32m[0425 21:39:53 @model.py:297][0m Epoch[38] Batch[100] Speed: 240.233638 samples/sec loss: 3.37942 acc: 0.58584 ce: 1.13975 lat: 3.02797 ener: 7.19075
[33mIP:142 [0m[32m[0425 21:40:43 @model.py:267][0m Change temperature from 1.41837 to 1.35597
[33mIP:142 [0m[32m[0425 21:40:43 @model.py:331][0m Start to train w for epoch 38
[33mIP:142 [0m[32m[0425 21:41:40 @model.py:297][0m Epoch[38] Batch[100] Speed: 239.923163 samples/sec loss: 3.36152 acc: 0.58696 ce: 1.13723 lat: 3.02215 ener: 7.12350
[33mIP:142 [0m[32m[0425 21:42:33 @model.py:323][0m Start to train theta for epoch 39
[33mIP:142 [0m[32m[0425 21:43:26 @model.py:297][0m Epoch[39] Batch[100] Speed: 241.081281 samples/sec loss: 3.34375 acc: 0.58812 ce: 1.13441 lat: 3.01648 ener: 7.05809
[33mIP:142 [0m[32m[0425 21:44:16 @model.py:267][0m Change temperature from 1.35597 to 1.29630
[33mIP:142 [0m[32m[0425 21:44:16 @model.py:331][0m Start to train w for epoch 39
[33mIP:142 [0m[32m[0425 21:45:13 @model.py:297][0m Epoch[39] Batch[100] Speed: 240.119597 samples/sec loss: 3.32638 acc: 0.58933 ce: 1.13148 lat: 3.01101 ener: 6.99493
[33mIP:142 [0m[32m[0425 21:46:06 @model.py:323][0m Start to train theta for epoch 40
[33mIP:142 [0m[32m[0425 21:47:00 @model.py:297][0m Epoch[40] Batch[100] Speed: 238.929972 samples/sec loss: 3.30879 acc: 0.59073 ce: 1.12802 lat: 3.00567 ener: 6.93316
[33mIP:142 [0m[32m[0425 21:47:50 @model.py:267][0m Change temperature from 1.29630 to 1.23927
[33mIP:142 [0m[32m[0425 21:47:50 @model.py:331][0m Start to train w for epoch 40
[33mIP:142 [0m[32m[0425 21:48:47 @model.py:297][0m Epoch[40] Batch[100] Speed: 239.397942 samples/sec loss: 3.29167 acc: 0.59208 ce: 1.12471 lat: 3.00047 ener: 6.87270
[33mIP:142 [0m[32m[0425 21:49:40 @model.py:323][0m Start to train theta for epoch 41
[33mIP:142 [0m[32m[0425 21:50:34 @model.py:297][0m Epoch[41] Batch[100] Speed: 240.023350 samples/sec loss: 3.27485 acc: 0.59336 ce: 1.12141 lat: 2.99538 ener: 6.81357
[33mIP:142 [0m[32m[0425 21:51:23 @model.py:267][0m Change temperature from 1.23927 to 1.18474
[33mIP:142 [0m[32m[0425 21:51:23 @model.py:331][0m Start to train w for epoch 41
[33mIP:142 [0m[32m[0425 21:52:20 @model.py:297][0m Epoch[41] Batch[100] Speed: 239.914027 samples/sec loss: 3.25848 acc: 0.59467 ce: 1.11823 lat: 2.99041 ener: 6.75578
[33mIP:142 [0m[32m[0425 21:53:13 @model.py:323][0m Start to train theta for epoch 42
[33mIP:142 [0m[32m[0425 21:54:06 @model.py:297][0m Epoch[42] Batch[100] Speed: 241.432093 samples/sec loss: 3.24239 acc: 0.59595 ce: 1.11504 lat: 2.98555 ener: 6.69935
[33mIP:142 [0m[32m[0425 21:54:56 @model.py:267][0m Change temperature from 1.18474 to 1.13261
[33mIP:142 [0m[32m[0425 21:54:56 @model.py:331][0m Start to train w for epoch 42
[33mIP:142 [0m[32m[0425 21:55:53 @model.py:297][0m Epoch[42] Batch[100] Speed: 239.005006 samples/sec loss: 3.22670 acc: 0.59723 ce: 1.11191 lat: 2.98081 ener: 6.64438
[33mIP:142 [0m[32m[0425 21:56:47 @model.py:323][0m Start to train theta for epoch 43
[33mIP:142 [0m[32m[0425 21:57:40 @model.py:297][0m Epoch[43] Batch[100] Speed: 240.015443 samples/sec loss: 3.21104 acc: 0.59855 ce: 1.10854 lat: 2.97618 ener: 6.59062
[33mIP:142 [0m[32m[0425 21:58:30 @model.py:267][0m Change temperature from 1.13261 to 1.08278
[33mIP:142 [0m[32m[0425 21:58:30 @model.py:331][0m Start to train w for epoch 43
[33mIP:142 [0m[32m[0425 21:59:27 @model.py:297][0m Epoch[43] Batch[100] Speed: 239.150253 samples/sec loss: 3.19582 acc: 0.59982 ce: 1.10531 lat: 2.97167 ener: 6.53814
[33mIP:142 [0m[32m[0425 22:00:21 @model.py:323][0m Start to train theta for epoch 44
[33mIP:142 [0m[32m[0425 22:01:14 @model.py:297][0m Epoch[44] Batch[100] Speed: 239.555746 samples/sec loss: 3.18080 acc: 0.60112 ce: 1.10201 lat: 2.96727 ener: 6.48677
[33mIP:142 [0m[32m[0425 22:02:04 @model.py:267][0m Change temperature from 1.08278 to 1.03513
[33mIP:142 [0m[32m[0425 22:02:04 @model.py:331][0m Start to train w for epoch 44
[33mIP:142 [0m[32m[0425 22:03:01 @model.py:297][0m Epoch[44] Batch[100] Speed: 239.021115 samples/sec loss: 3.16625 acc: 0.60236 ce: 1.09889 lat: 2.96300 ener: 6.43670
[33mIP:142 [0m[32m[0425 22:03:54 @model.py:323][0m Start to train theta for epoch 45
[33mIP:142 [0m[32m[0425 22:04:47 @model.py:297][0m Epoch[45] Batch[100] Speed: 241.047451 samples/sec loss: 3.15190 acc: 0.60360 ce: 1.09572 lat: 2.95882 ener: 6.38774
[33mIP:142 [0m[32m[0425 22:05:37 @model.py:267][0m Change temperature from 1.03513 to 0.98959
[33mIP:142 [0m[32m[0425 22:05:37 @model.py:331][0m Start to train w for epoch 45
[33mIP:142 [0m[32m[0425 22:06:34 @model.py:297][0m Epoch[45] Batch[100] Speed: 239.531431 samples/sec loss: 3.13871 acc: 0.60456 ce: 1.09343 lat: 2.95474 ener: 6.33991
[33mIP:142 [0m[32m[0425 22:07:27 @model.py:323][0m Start to train theta for epoch 46
[33mIP:142 [0m[32m[0425 22:08:21 @model.py:297][0m Epoch[46] Batch[100] Speed: 240.838360 samples/sec loss: 3.12857 acc: 0.60451 ce: 1.09386 lat: 2.95082 ener: 6.29356
[33mIP:142 [0m[32m[0425 22:09:10 @model.py:267][0m Change temperature from 0.98959 to 0.94605
[33mIP:142 [0m[32m[0425 22:09:10 @model.py:331][0m Start to train w for epoch 46
[33mIP:142 [0m[32m[0425 22:10:08 @model.py:297][0m Epoch[46] Batch[100] Speed: 239.130434 samples/sec loss: 3.11867 acc: 0.60450 ce: 1.09414 lat: 2.94707 ener: 6.24892
[33mIP:142 [0m[32m[0425 22:11:01 @model.py:323][0m Start to train theta for epoch 47
[33mIP:142 [0m[32m[0425 22:11:54 @model.py:297][0m Epoch[47] Batch[100] Speed: 240.633044 samples/sec loss: 3.10873 acc: 0.60465 ce: 1.09415 lat: 2.94340 ener: 6.20521
[33mIP:142 [0m[32m[0425 22:12:43 @model.py:267][0m Change temperature from 0.94605 to 0.90442
[33mIP:142 [0m[32m[0425 22:12:43 @model.py:331][0m Start to train w for epoch 47
[33mIP:142 [0m[32m[0425 22:13:41 @model.py:297][0m Epoch[47] Batch[100] Speed: 239.379812 samples/sec loss: 3.09889 acc: 0.60483 ce: 1.09408 lat: 2.93981 ener: 6.16231
[33mIP:142 [0m[32m[0425 22:14:34 @model.py:323][0m Start to train theta for epoch 48
[33mIP:142 [0m[32m[0425 22:15:27 @model.py:297][0m Epoch[48] Batch[100] Speed: 240.479563 samples/sec loss: 3.08947 acc: 0.60494 ce: 1.09421 lat: 2.93631 ener: 6.12038
[33mIP:142 [0m[32m[0425 22:16:17 @model.py:267][0m Change temperature from 0.90442 to 0.86463
[33mIP:142 [0m[32m[0425 22:16:17 @model.py:331][0m Start to train w for epoch 48
[33mIP:142 [0m[32m[0425 22:17:14 @model.py:297][0m Epoch[48] Batch[100] Speed: 239.688963 samples/sec loss: 3.08019 acc: 0.60511 ce: 1.09418 lat: 2.93293 ener: 6.07970
[33mIP:142 [0m[32m[0425 22:18:07 @model.py:323][0m Start to train theta for epoch 49
[33mIP:142 [0m[32m[0425 22:19:01 @model.py:297][0m Epoch[49] Batch[100] Speed: 240.517811 samples/sec loss: 3.07056 acc: 0.60551 ce: 1.09360 lat: 2.92961 ener: 6.03993
[33mIP:142 [0m[32m[0425 22:19:50 @model.py:267][0m Change temperature from 0.86463 to 0.82658
[33mIP:142 [0m[32m[0425 22:19:50 @model.py:331][0m Start to train w for epoch 49
[33mIP:142 [0m[32m[0425 22:20:48 @model.py:297][0m Epoch[49] Batch[100] Speed: 239.383483 samples/sec loss: 3.06108 acc: 0.60581 ce: 1.09304 lat: 2.92629 ener: 6.00084
[33mIP:142 [0m[32m[0425 22:21:40 @model.py:323][0m Start to train theta for epoch 50
[33mIP:142 [0m[32m[0425 22:22:34 @model.py:297][0m Epoch[50] Batch[100] Speed: 240.786108 samples/sec loss: 3.05195 acc: 0.60604 ce: 1.09263 lat: 2.92306 ener: 5.96259
[33mIP:142 [0m[32m[0425 22:23:23 @model.py:267][0m Change temperature from 0.82658 to 0.79021
[33mIP:142 [0m[32m[0425 22:23:23 @model.py:331][0m Start to train w for epoch 50
[33mIP:142 [0m[32m[0425 22:24:21 @model.py:297][0m Epoch[50] Batch[100] Speed: 240.010804 samples/sec loss: 3.04326 acc: 0.60621 ce: 1.09243 lat: 2.91997 ener: 5.92527
[33mIP:142 [0m[32m[0425 22:25:13 @model.py:323][0m Start to train theta for epoch 51
[33mIP:142 [0m[32m[0425 22:26:07 @model.py:297][0m Epoch[51] Batch[100] Speed: 241.041207 samples/sec loss: 3.03454 acc: 0.60653 ce: 1.09198 lat: 2.91698 ener: 5.88885
[33mIP:142 [0m[32m[0425 22:26:56 @model.py:267][0m Change temperature from 0.79021 to 0.75544
[33mIP:142 [0m[32m[0425 22:26:56 @model.py:331][0m Start to train w for epoch 51
[33mIP:142 [0m[32m[0425 22:27:53 @model.py:297][0m Epoch[51] Batch[100] Speed: 240.087505 samples/sec loss: 3.02589 acc: 0.60690 ce: 1.09141 lat: 2.91407 ener: 5.85328
[33mIP:142 [0m[32m[0425 22:28:46 @model.py:323][0m Start to train theta for epoch 52
[33mIP:142 [0m[32m[0425 22:29:40 @model.py:297][0m Epoch[52] Batch[100] Speed: 240.554384 samples/sec loss: 3.01741 acc: 0.60725 ce: 1.09086 lat: 2.91121 ener: 5.81837
[33mIP:142 [0m[32m[0425 22:30:29 @model.py:267][0m Change temperature from 0.75544 to 0.72220
[33mIP:142 [0m[32m[0425 22:30:29 @model.py:331][0m Start to train w for epoch 52
[33mIP:142 [0m[32m[0425 22:31:27 @model.py:297][0m Epoch[52] Batch[100] Speed: 239.775630 samples/sec loss: 3.00898 acc: 0.60766 ce: 1.09015 lat: 2.90844 ener: 5.78440
[33mIP:142 [0m[32m[0425 22:32:19 @model.py:323][0m Start to train theta for epoch 53
[33mIP:142 [0m[32m[0425 22:33:13 @model.py:297][0m Epoch[53] Batch[100] Speed: 241.491494 samples/sec loss: 3.00035 acc: 0.60820 ce: 1.08906 lat: 2.90573 ener: 5.75119
[33mIP:142 [0m[32m[0425 22:34:02 @model.py:267][0m Change temperature from 0.72220 to 0.69043
[33mIP:142 [0m[32m[0425 22:34:02 @model.py:331][0m Start to train w for epoch 53
[33mIP:142 [0m[32m[0425 22:35:03 @model.py:297][0m Epoch[53] Batch[100] Speed: 231.697144 samples/sec loss: 2.99191 acc: 0.60868 ce: 1.08803 lat: 2.90305 ener: 5.71853
[33mIP:142 [0m[32m[0425 22:35:56 @model.py:323][0m Start to train theta for epoch 54
[33mIP:142 [0m[32m[0425 22:36:50 @model.py:297][0m Epoch[54] Batch[100] Speed: 240.382782 samples/sec loss: 2.98351 acc: 0.60920 ce: 1.08687 lat: 2.90046 ener: 5.68667
[33mIP:142 [0m[32m[0425 22:37:39 @model.py:267][0m Change temperature from 0.69043 to 0.66005
[33mIP:142 [0m[32m[0425 22:37:39 @model.py:331][0m Start to train w for epoch 54
[33mIP:142 [0m[32m[0425 22:38:36 @model.py:297][0m Epoch[54] Batch[100] Speed: 239.664238 samples/sec loss: 2.97545 acc: 0.60967 ce: 1.08584 lat: 2.89798 ener: 5.65565
[33mIP:142 [0m[32m[0425 22:39:29 @model.py:323][0m Start to train theta for epoch 55
[33mIP:142 [0m[32m[0425 22:40:23 @model.py:297][0m Epoch[55] Batch[100] Speed: 240.896401 samples/sec loss: 2.96748 acc: 0.61019 ce: 1.08474 lat: 2.89556 ener: 5.62528
[33mIP:142 [0m[32m[0425 22:41:12 @model.py:267][0m Change temperature from 0.66005 to 0.63101
[33mIP:142 [0m[32m[0425 22:41:12 @model.py:331][0m Start to train w for epoch 55
[33mIP:142 [0m[32m[0425 22:42:09 @model.py:297][0m Epoch[55] Batch[100] Speed: 240.517252 samples/sec loss: 2.95951 acc: 0.61074 ce: 1.08352 lat: 2.89321 ener: 5.59544
[33mIP:142 [0m[32m[0425 22:43:02 @model.py:323][0m Start to train theta for epoch 56
[33mIP:142 [0m[32m[0425 22:43:55 @model.py:297][0m Epoch[56] Batch[100] Speed: 241.581336 samples/sec loss: 2.95159 acc: 0.61129 ce: 1.08222 lat: 2.89089 ener: 5.56619
[33mIP:142 [0m[32m[0425 22:44:45 @model.py:267][0m Change temperature from 0.63101 to 0.60324
[33mIP:142 [0m[32m[0425 22:44:45 @model.py:331][0m Start to train w for epoch 56
[33mIP:142 [0m[32m[0425 22:45:42 @model.py:297][0m Epoch[56] Batch[100] Speed: 239.998564 samples/sec loss: 2.94385 acc: 0.61186 ce: 1.08095 lat: 2.88864 ener: 5.53758
[33mIP:142 [0m[32m[0425 22:46:35 @model.py:323][0m Start to train theta for epoch 57
[33mIP:142 [0m[32m[0425 22:47:28 @model.py:297][0m Epoch[57] Batch[100] Speed: 240.528237 samples/sec loss: 2.93630 acc: 0.61240 ce: 1.07974 lat: 2.88644 ener: 5.50949
[33mIP:142 [0m[32m[0425 22:48:18 @model.py:267][0m Change temperature from 0.60324 to 0.57670
[33mIP:142 [0m[32m[0425 22:48:18 @model.py:331][0m Start to train w for epoch 57
[33mIP:142 [0m[32m[0425 22:49:15 @model.py:297][0m Epoch[57] Batch[100] Speed: 240.411991 samples/sec loss: 2.92884 acc: 0.61293 ce: 1.07854 lat: 2.88424 ener: 5.48190
[33mIP:142 [0m[32m[0425 22:50:07 @model.py:323][0m Start to train theta for epoch 58
[33mIP:142 [0m[32m[0425 22:51:01 @model.py:297][0m Epoch[58] Batch[100] Speed: 241.243402 samples/sec loss: 2.92132 acc: 0.61354 ce: 1.07707 lat: 2.88213 ener: 5.45515
[33mIP:142 [0m[32m[0425 22:51:50 @model.py:267][0m Change temperature from 0.57670 to 0.55132
[33mIP:142 [0m[32m[0425 22:51:50 @model.py:331][0m Start to train w for epoch 58
[33mIP:142 [0m[32m[0425 22:52:48 @model.py:297][0m Epoch[58] Batch[100] Speed: 239.570237 samples/sec loss: 2.91397 acc: 0.61416 ce: 1.07558 lat: 2.88013 ener: 5.42915
[33mIP:142 [0m[32m[0425 22:53:41 @model.py:323][0m Start to train theta for epoch 59
[33mIP:142 [0m[32m[0425 22:54:34 @model.py:297][0m Epoch[59] Batch[100] Speed: 240.760621 samples/sec loss: 2.90653 acc: 0.61486 ce: 1.07389 lat: 2.87817 ener: 5.40366
[33mIP:142 [0m[32m[0425 22:55:23 @model.py:267][0m Change temperature from 0.55132 to 0.52707
[33mIP:142 [0m[32m[0425 22:55:23 @model.py:331][0m Start to train w for epoch 59
[33mIP:142 [0m[32m[0425 22:56:20 @model.py:297][0m Epoch[59] Batch[100] Speed: 240.347369 samples/sec loss: 2.89926 acc: 0.61553 ce: 1.07225 lat: 2.87624 ener: 5.37874
[33mIP:142 [0m[32m[0425 22:57:13 @model.py:323][0m Start to train theta for epoch 60
[33mIP:142 [0m[32m[0425 22:58:07 @model.py:297][0m Epoch[60] Batch[100] Speed: 240.872898 samples/sec loss: 2.89195 acc: 0.61622 ce: 1.07043 lat: 2.87436 ener: 5.35440
[33mIP:142 [0m[32m[0425 22:58:56 @model.py:267][0m Change temperature from 0.52707 to 0.50387
[33mIP:142 [0m[32m[0425 22:58:56 @model.py:331][0m Start to train w for epoch 60
[33mIP:142 [0m[32m[0425 22:59:53 @model.py:297][0m Epoch[60] Batch[100] Speed: 240.270299 samples/sec loss: 2.88469 acc: 0.61696 ce: 1.06851 lat: 2.87257 ener: 5.33068
[33mIP:142 [0m[32m[0425 23:00:46 @model.py:323][0m Start to train theta for epoch 61
[33mIP:142 [0m[32m[0425 23:01:40 @model.py:297][0m Epoch[61] Batch[100] Speed: 240.963296 samples/sec loss: 2.87744 acc: 0.61773 ce: 1.06653 lat: 2.87082 ener: 5.30730
[33mIP:142 [0m[32m[0425 23:02:29 @model.py:267][0m Change temperature from 0.50387 to 0.48170
[33mIP:142 [0m[32m[0425 23:02:29 @model.py:331][0m Start to train w for epoch 61
[33mIP:142 [0m[32m[0425 23:03:26 @model.py:297][0m Epoch[61] Batch[100] Speed: 239.708274 samples/sec loss: 2.87030 acc: 0.61853 ce: 1.06448 lat: 2.86915 ener: 5.28460
[33mIP:142 [0m[32m[0425 23:04:19 @model.py:323][0m Start to train theta for epoch 62
[33mIP:142 [0m[32m[0425 23:05:13 @model.py:297][0m Epoch[62] Batch[100] Speed: 240.653868 samples/sec loss: 2.86311 acc: 0.61937 ce: 1.06229 lat: 2.86752 ener: 5.26237
[33mIP:142 [0m[32m[0425 23:06:02 @model.py:267][0m Change temperature from 0.48170 to 0.46051
[33mIP:142 [0m[32m[0425 23:06:02 @model.py:331][0m Start to train w for epoch 62
[33mIP:142 [0m[32m[0425 23:06:59 @model.py:297][0m Epoch[62] Batch[100] Speed: 240.275087 samples/sec loss: 2.85606 acc: 0.62021 ce: 1.06010 lat: 2.86593 ener: 5.24063
[33mIP:142 [0m[32m[0425 23:07:52 @model.py:323][0m Start to train theta for epoch 63
[33mIP:142 [0m[32m[0425 23:08:45 @model.py:297][0m Epoch[63] Batch[100] Speed: 241.398531 samples/sec loss: 2.84899 acc: 0.62110 ce: 1.05782 lat: 2.86438 ener: 5.21929
[33mIP:142 [0m[32m[0425 23:09:35 @model.py:267][0m Change temperature from 0.46051 to 0.44025
[33mIP:142 [0m[32m[0425 23:09:35 @model.py:331][0m Start to train w for epoch 63
[33mIP:142 [0m[32m[0425 23:10:32 @model.py:297][0m Epoch[63] Batch[100] Speed: 240.300229 samples/sec loss: 2.84210 acc: 0.62195 ce: 1.05561 lat: 2.86288 ener: 5.19842
[33mIP:142 [0m[32m[0425 23:11:25 @model.py:323][0m Start to train theta for epoch 64
[33mIP:142 [0m[32m[0425 23:12:18 @model.py:297][0m Epoch[64] Batch[100] Speed: 240.416905 samples/sec loss: 2.83512 acc: 0.62287 ce: 1.05321 lat: 2.86142 ener: 5.17800
[33mIP:142 [0m[32m[0425 23:13:08 @model.py:267][0m Change temperature from 0.44025 to 0.42088
[33mIP:142 [0m[32m[0425 23:13:08 @model.py:331][0m Start to train w for epoch 64
[33mIP:142 [0m[32m[0425 23:14:05 @model.py:297][0m Epoch[64] Batch[100] Speed: 240.299693 samples/sec loss: 2.82830 acc: 0.62379 ce: 1.05079 lat: 2.86004 ener: 5.15829
[33mIP:142 [0m[32m[0425 23:14:58 @model.py:323][0m Start to train theta for epoch 65
[33mIP:142 [0m[32m[0425 23:15:51 @model.py:297][0m Epoch[65] Batch[100] Speed: 241.255445 samples/sec loss: 2.82149 acc: 0.62473 ce: 1.04829 lat: 2.85870 ener: 5.13895
[33mIP:142 [0m[32m[0425 23:16:41 @model.py:267][0m Change temperature from 0.42088 to 0.40236
[33mIP:142 [0m[32m[0425 23:16:41 @model.py:331][0m Start to train w for epoch 65
[33mIP:142 [0m[32m[0425 23:17:38 @model.py:297][0m Epoch[65] Batch[100] Speed: 239.604200 samples/sec loss: 2.81478 acc: 0.62565 ce: 1.04584 lat: 2.85739 ener: 5.11990
[33mIP:142 [0m[32m[0425 23:18:31 @model.py:323][0m Start to train theta for epoch 66
[33mIP:142 [0m[32m[0425 23:19:24 @model.py:297][0m Epoch[66] Batch[100] Speed: 240.744268 samples/sec loss: 2.80806 acc: 0.62659 ce: 1.04331 lat: 2.85609 ener: 5.10110
[33mIP:142 [0m[32m[0425 23:20:14 @model.py:267][0m Change temperature from 0.40236 to 0.38465
[33mIP:142 [0m[32m[0425 23:20:14 @model.py:331][0m Start to train w for epoch 66
[33mIP:142 [0m[32m[0425 23:21:11 @model.py:297][0m Epoch[66] Batch[100] Speed: 239.490705 samples/sec loss: 2.80152 acc: 0.62751 ce: 1.04090 lat: 2.85482 ener: 5.08259
[33mIP:142 [0m[32m[0425 23:22:04 @model.py:323][0m Start to train theta for epoch 67
[33mIP:142 [0m[32m[0425 23:22:57 @model.py:297][0m Epoch[67] Batch[100] Speed: 241.223894 samples/sec loss: 2.79502 acc: 0.62843 ce: 1.03846 lat: 2.85357 ener: 5.06441
[33mIP:142 [0m[32m[0425 23:23:47 @model.py:267][0m Change temperature from 0.38465 to 0.36773
[33mIP:142 [0m[32m[0425 23:23:47 @model.py:331][0m Start to train w for epoch 67
[33mIP:142 [0m[32m[0425 23:24:44 @model.py:297][0m Epoch[67] Batch[100] Speed: 239.925428 samples/sec loss: 2.78859 acc: 0.62936 ce: 1.03593 lat: 2.85238 ener: 5.04688
[33mIP:142 [0m[32m[0425 23:25:37 @model.py:323][0m Start to train theta for epoch 68
[33mIP:142 [0m[32m[0425 23:26:31 @model.py:297][0m Epoch[68] Batch[100] Speed: 239.102905 samples/sec loss: 2.78227 acc: 0.63028 ce: 1.03344 lat: 2.85122 ener: 5.02965
[33mIP:142 [0m[32m[0425 23:27:20 @model.py:267][0m Change temperature from 0.36773 to 0.35155
[33mIP:142 [0m[32m[0425 23:27:20 @model.py:331][0m Start to train w for epoch 68
[33mIP:142 [0m[32m[0425 23:28:17 @model.py:297][0m Epoch[68] Batch[100] Speed: 240.879659 samples/sec loss: 2.77604 acc: 0.63121 ce: 1.03095 lat: 2.85010 ener: 5.01286
[33mIP:142 [0m[32m[0425 23:29:10 @model.py:323][0m Start to train theta for epoch 69
[33mIP:142 [0m[32m[0425 23:30:04 @model.py:297][0m Epoch[69] Batch[100] Speed: 240.452742 samples/sec loss: 2.77076 acc: 0.63185 ce: 1.02934 lat: 2.84900 ener: 4.99632
[33mIP:142 [0m[32m[0425 23:30:53 @model.py:267][0m Change temperature from 0.35155 to 0.33608
[33mIP:142 [0m[32m[0425 23:30:53 @model.py:331][0m Start to train w for epoch 69
[33mIP:142 [0m[32m[0425 23:31:50 @model.py:297][0m Epoch[69] Batch[100] Speed: 240.601633 samples/sec loss: 2.76644 acc: 0.63217 ce: 1.02872 lat: 2.84788 ener: 4.97972
[33mIP:142 [0m[32m[0425 23:32:43 @model.py:323][0m Start to train theta for epoch 70
[33mIP:142 [0m[32m[0425 23:33:36 @model.py:297][0m Epoch[70] Batch[100] Speed: 241.150152 samples/sec loss: 2.76245 acc: 0.63240 ce: 1.02833 lat: 2.84680 ener: 4.96351
[33mIP:142 [0m[32m[0425 23:34:26 @model.py:267][0m Change temperature from 0.33608 to 0.32129
[33mIP:142 [0m[32m[0425 23:34:26 @model.py:331][0m Start to train w for epoch 70
[33mIP:142 [0m[32m[0425 23:35:23 @model.py:297][0m Epoch[70] Batch[100] Speed: 240.123507 samples/sec loss: 2.75848 acc: 0.63267 ce: 1.02779 lat: 2.84579 ener: 4.94810
[33mIP:142 [0m[32m[0425 23:36:16 @model.py:323][0m Start to train theta for epoch 71
[33mIP:142 [0m[32m[0425 23:37:09 @model.py:297][0m Epoch[71] Batch[100] Speed: 241.306191 samples/sec loss: 2.75465 acc: 0.63290 ce: 1.02734 lat: 2.84479 ener: 4.93291
[33mIP:142 [0m[32m[0425 23:37:59 @model.py:267][0m Change temperature from 0.32129 to 0.30716
[33mIP:142 [0m[32m[0425 23:37:59 @model.py:331][0m Start to train w for epoch 71
[33mIP:142 [0m[32m[0425 23:38:56 @model.py:297][0m Epoch[71] Batch[100] Speed: 239.510876 samples/sec loss: 2.75097 acc: 0.63312 ce: 1.02699 lat: 2.84381 ener: 4.91787
[33mIP:142 [0m[32m[0425 23:39:49 @model.py:323][0m Start to train theta for epoch 72
[33mIP:142 [0m[32m[0425 23:40:42 @model.py:297][0m Epoch[72] Batch[100] Speed: 241.338714 samples/sec loss: 2.74736 acc: 0.63334 ce: 1.02664 lat: 2.84286 ener: 4.90315
[33mIP:142 [0m[32m[0425 23:41:31 @model.py:267][0m Change temperature from 0.30716 to 0.29364
[33mIP:142 [0m[32m[0425 23:41:31 @model.py:331][0m Start to train w for epoch 72
[33mIP:142 [0m[32m[0425 23:42:29 @model.py:297][0m Epoch[72] Batch[100] Speed: 239.161774 samples/sec loss: 2.74389 acc: 0.63356 ce: 1.02630 lat: 2.84196 ener: 4.88903
[33mIP:142 [0m[32m[0425 23:43:23 @model.py:323][0m Start to train theta for epoch 73
[33mIP:142 [0m[32m[0425 23:44:16 @model.py:297][0m Epoch[73] Batch[100] Speed: 239.006687 samples/sec loss: 2.74019 acc: 0.63386 ce: 1.02567 lat: 2.84109 ener: 4.87516
[33mIP:142 [0m[32m[0425 23:45:06 @model.py:267][0m Change temperature from 0.29364 to 0.28072
[33mIP:142 [0m[32m[0425 23:45:06 @model.py:331][0m Start to train w for epoch 73
[33mIP:142 [0m[32m[0425 23:46:03 @model.py:297][0m Epoch[73] Batch[100] Speed: 240.399644 samples/sec loss: 2.73655 acc: 0.63416 ce: 1.02502 lat: 2.84024 ener: 4.86164
[33mIP:142 [0m[32m[0425 23:46:55 @model.py:323][0m Start to train theta for epoch 74
[33mIP:142 [0m[32m[0425 23:47:49 @model.py:297][0m Epoch[74] Batch[100] Speed: 241.085883 samples/sec loss: 2.73311 acc: 0.63444 ce: 1.02452 lat: 2.83941 ener: 4.84835
[33mIP:142 [0m[32m[0425 23:48:38 @model.py:267][0m Change temperature from 0.28072 to 0.26837
[33mIP:142 [0m[32m[0425 23:48:38 @model.py:331][0m Start to train w for epoch 74
[33mIP:142 [0m[32m[0425 23:49:35 @model.py:297][0m Epoch[74] Batch[100] Speed: 240.133639 samples/sec loss: 2.72964 acc: 0.63476 ce: 1.02392 lat: 2.83861 ener: 4.83534
[33mIP:142 [0m[32m[0425 23:50:28 @model.py:323][0m Start to train theta for epoch 75
[33mIP:142 [0m[32m[0425 23:51:22 @model.py:297][0m Epoch[75] Batch[100] Speed: 241.123605 samples/sec loss: 2.72581 acc: 0.63518 ce: 1.02292 lat: 2.83782 ener: 4.82255
[33mIP:142 [0m[32m[0425 23:52:11 @model.py:267][0m Change temperature from 0.26837 to 0.25656
[33mIP:142 [0m[32m[0425 23:52:11 @model.py:331][0m Start to train w for epoch 75
[33mIP:142 [0m[32m[0425 23:53:08 @model.py:297][0m Epoch[75] Batch[100] Speed: 239.503796 samples/sec loss: 2.72198 acc: 0.63562 ce: 1.02187 lat: 2.83704 ener: 4.80998
[33mIP:142 [0m[32m[0425 23:54:01 @model.py:323][0m Start to train theta for epoch 76
[33mIP:142 [0m[32m[0425 23:54:54 @model.py:297][0m Epoch[76] Batch[100] Speed: 241.543727 samples/sec loss: 2.71829 acc: 0.63602 ce: 1.02092 lat: 2.83628 ener: 4.79757
[33mIP:142 [0m[32m[0425 23:55:44 @model.py:267][0m Change temperature from 0.25656 to 0.24527
[33mIP:142 [0m[32m[0425 23:55:44 @model.py:331][0m Start to train w for epoch 76
[33mIP:142 [0m[32m[0425 23:56:41 @model.py:297][0m Epoch[76] Batch[100] Speed: 239.079237 samples/sec loss: 2.71463 acc: 0.63643 ce: 1.01994 lat: 2.83553 ener: 4.78540
[33mIP:142 [0m[32m[0425 23:57:34 @model.py:323][0m Start to train theta for epoch 77
[33mIP:142 [0m[32m[0425 23:58:28 @model.py:297][0m Epoch[77] Batch[100] Speed: 241.165041 samples/sec loss: 2.71103 acc: 0.63684 ce: 1.01900 lat: 2.83479 ener: 4.77339
[33mIP:142 [0m[32m[0425 23:59:17 @model.py:267][0m Change temperature from 0.24527 to 0.23448
[33mIP:142 [0m[32m[0425 23:59:17 @model.py:331][0m Start to train w for epoch 77
[33mIP:142 [0m[32m[0426 00:00:15 @model.py:297][0m Epoch[77] Batch[100] Speed: 239.371879 samples/sec loss: 2.70751 acc: 0.63724 ce: 1.01810 lat: 2.83406 ener: 4.76155
[33mIP:142 [0m[32m[0426 00:01:08 @model.py:323][0m Start to train theta for epoch 78
[33mIP:142 [0m[32m[0426 00:02:01 @model.py:297][0m Epoch[78] Batch[100] Speed: 240.454743 samples/sec loss: 2.70381 acc: 0.63771 ce: 1.01698 lat: 2.83333 ener: 4.74983
[33mIP:142 [0m[32m[0426 00:02:51 @model.py:267][0m Change temperature from 0.23448 to 0.22416
[33mIP:142 [0m[32m[0426 00:02:51 @model.py:331][0m Start to train w for epoch 78
[33mIP:142 [0m[32m[0426 00:03:48 @model.py:297][0m Epoch[78] Batch[100] Speed: 240.239432 samples/sec loss: 2.70008 acc: 0.63819 ce: 1.01580 lat: 2.83263 ener: 4.73832
[33mIP:142 [0m[32m[0426 00:04:41 @model.py:323][0m Start to train theta for epoch 79
[33mIP:142 [0m[32m[0426 00:05:34 @model.py:297][0m Epoch[79] Batch[100] Speed: 240.828400 samples/sec loss: 2.69619 acc: 0.63873 ce: 1.01442 lat: 2.83193 ener: 4.72696
[33mIP:142 [0m[32m[0426 00:06:24 @model.py:267][0m Change temperature from 0.22416 to 0.21430
[33mIP:142 [0m[32m[0426 00:06:24 @model.py:331][0m Start to train w for epoch 79
[33mIP:142 [0m[32m[0426 00:07:21 @model.py:297][0m Epoch[79] Batch[100] Speed: 239.337847 samples/sec loss: 2.69228 acc: 0.63930 ce: 1.01298 lat: 2.83124 ener: 4.71573
[33mIP:142 [0m[32m[0426 00:08:14 @model.py:323][0m Start to train theta for epoch 80
[33mIP:142 [0m[32m[0426 00:09:07 @model.py:297][0m Epoch[80] Batch[100] Speed: 241.356556 samples/sec loss: 2.68853 acc: 0.63979 ce: 1.01168 lat: 2.83056 ener: 4.70467
[33mIP:142 [0m[32m[0426 00:09:56 @model.py:267][0m Change temperature from 0.21430 to 0.20487
[33mIP:142 [0m[32m[0426 00:09:56 @model.py:331][0m Start to train w for epoch 80
[33mIP:142 [0m[32m[0426 00:10:54 @model.py:297][0m Epoch[80] Batch[100] Speed: 239.922937 samples/sec loss: 2.68485 acc: 0.64027 ce: 1.01041 lat: 2.82989 ener: 4.69373
[33mIP:142 [0m[32m[0426 00:11:46 @model.py:323][0m Start to train theta for epoch 81
[33mIP:142 [0m[32m[0426 00:12:40 @model.py:297][0m Epoch[81] Batch[100] Speed: 241.143858 samples/sec loss: 2.68130 acc: 0.64075 ce: 1.00923 lat: 2.82923 ener: 4.68296
[33mIP:142 [0m[32m[0426 00:13:29 @model.py:267][0m Change temperature from 0.20487 to 0.19586
[33mIP:142 [0m[32m[0426 00:13:29 @model.py:331][0m Start to train w for epoch 81
[33mIP:142 [0m[32m[0426 00:14:26 @model.py:297][0m Epoch[81] Batch[100] Speed: 240.298458 samples/sec loss: 2.67763 acc: 0.64129 ce: 1.00791 lat: 2.82858 ener: 4.67235
[33mIP:142 [0m[32m[0426 00:15:20 @model.py:323][0m Start to train theta for epoch 82
[33mIP:142 [0m[32m[0426 00:16:13 @model.py:297][0m Epoch[82] Batch[100] Speed: 239.826512 samples/sec loss: 2.67399 acc: 0.64182 ce: 1.00658 lat: 2.82793 ener: 4.66185
[33mIP:142 [0m[32m[0426 00:17:03 @model.py:267][0m Change temperature from 0.19586 to 0.18724
[33mIP:142 [0m[32m[0426 00:17:03 @model.py:331][0m Start to train w for epoch 82
[33mIP:142 [0m[32m[0426 00:18:00 @model.py:297][0m Epoch[82] Batch[100] Speed: 240.235547 samples/sec loss: 2.67035 acc: 0.64235 ce: 1.00523 lat: 2.82730 ener: 4.65150
[33mIP:142 [0m[32m[0426 00:18:52 @model.py:323][0m Start to train theta for epoch 83
[33mIP:142 [0m[32m[0426 00:19:46 @model.py:297][0m Epoch[83] Batch[100] Speed: 240.867331 samples/sec loss: 2.66651 acc: 0.64294 ce: 1.00365 lat: 2.82667 ener: 4.64126
[33mIP:142 [0m[32m[0426 00:20:36 @model.py:267][0m Change temperature from 0.18724 to 0.17900
[33mIP:142 [0m[32m[0426 00:20:36 @model.py:331][0m Start to train w for epoch 83
[33mIP:142 [0m[32m[0426 00:21:33 @model.py:297][0m Epoch[83] Batch[100] Speed: 239.495493 samples/sec loss: 2.66268 acc: 0.64356 ce: 1.00205 lat: 2.82605 ener: 4.63118
[33mIP:142 [0m[32m[0426 00:22:26 @model.py:323][0m Start to train theta for epoch 84
[33mIP:142 [0m[32m[0426 00:23:19 @model.py:297][0m Epoch[84] Batch[100] Speed: 240.577482 samples/sec loss: 2.65896 acc: 0.64413 ce: 1.00052 lat: 2.82544 ener: 4.62123
[33mIP:142 [0m[32m[0426 00:24:09 @model.py:267][0m Change temperature from 0.17900 to 0.17112
[33mIP:142 [0m[32m[0426 00:24:09 @model.py:331][0m Start to train w for epoch 84
[33mIP:142 [0m[32m[0426 00:25:06 @model.py:297][0m Epoch[84] Batch[100] Speed: 239.771873 samples/sec loss: 2.65522 acc: 0.64473 ce: 0.99895 lat: 2.82484 ener: 4.61140
[33mIP:142 [0m[32m[0426 00:25:59 @model.py:323][0m Start to train theta for epoch 85
[33mIP:142 [0m[32m[0426 00:26:53 @model.py:297][0m Epoch[85] Batch[100] Speed: 240.281602 samples/sec loss: 2.65150 acc: 0.64533 ce: 0.99738 lat: 2.82424 ener: 4.60168
[33mIP:142 [0m[32m[0426 00:27:42 @model.py:267][0m Change temperature from 0.17112 to 0.16359
[33mIP:142 [0m[32m[0426 00:27:42 @model.py:331][0m Start to train w for epoch 85
[33mIP:142 [0m[32m[0426 00:28:39 @model.py:297][0m Epoch[85] Batch[100] Speed: 240.319468 samples/sec loss: 2.64779 acc: 0.64595 ce: 0.99578 lat: 2.82366 ener: 4.59211
[33mIP:142 [0m[32m[0426 00:29:32 @model.py:323][0m Start to train theta for epoch 86
[33mIP:142 [0m[32m[0426 00:30:25 @model.py:297][0m Epoch[86] Batch[100] Speed: 240.966942 samples/sec loss: 2.64430 acc: 0.64648 ce: 0.99438 lat: 2.82308 ener: 4.58266
[33mIP:142 [0m[32m[0426 00:31:15 @model.py:267][0m Change temperature from 0.16359 to 0.15640
[33mIP:142 [0m[32m[0426 00:31:15 @model.py:331][0m Start to train w for epoch 86
[33mIP:142 [0m[32m[0426 00:32:12 @model.py:297][0m Epoch[86] Batch[100] Speed: 239.545008 samples/sec loss: 2.64078 acc: 0.64704 ce: 0.99292 lat: 2.82251 ener: 4.57333
[33mIP:142 [0m[32m[0426 00:33:05 @model.py:323][0m Start to train theta for epoch 87
[33mIP:142 [0m[32m[0426 00:33:58 @model.py:297][0m Epoch[87] Batch[100] Speed: 240.746691 samples/sec loss: 2.63705 acc: 0.64767 ce: 0.99121 lat: 2.82195 ener: 4.56416
[33mIP:142 [0m[32m[0426 00:34:48 @model.py:267][0m Change temperature from 0.15640 to 0.14952
[33mIP:142 [0m[32m[0426 00:34:48 @model.py:331][0m Start to train w for epoch 87
[33mIP:142 [0m[32m[0426 00:35:45 @model.py:297][0m Epoch[87] Batch[100] Speed: 239.970734 samples/sec loss: 2.63327 acc: 0.64832 ce: 0.98945 lat: 2.82139 ener: 4.55503
[33mIP:142 [0m[32m[0426 00:36:38 @model.py:323][0m Start to train theta for epoch 88
[33mIP:142 [0m[32m[0426 00:37:31 @model.py:297][0m Epoch[88] Batch[100] Speed: 241.263183 samples/sec loss: 2.62944 acc: 0.64900 ce: 0.98762 lat: 2.82084 ener: 4.54598
[33mIP:142 [0m[32m[0426 00:38:21 @model.py:267][0m Change temperature from 0.14952 to 0.14294
[33mIP:142 [0m[32m[0426 00:38:21 @model.py:331][0m Start to train w for epoch 88
[33mIP:142 [0m[32m[0426 00:39:18 @model.py:297][0m Epoch[88] Batch[100] Speed: 239.024404 samples/sec loss: 2.62560 acc: 0.64969 ce: 0.98575 lat: 2.82029 ener: 4.53707
[33mIP:142 [0m[32m[0426 00:40:11 @model.py:323][0m Start to train theta for epoch 89
[33mIP:142 [0m[32m[0426 00:41:04 @model.py:297][0m Epoch[89] Batch[100] Speed: 241.309632 samples/sec loss: 2.62186 acc: 0.65036 ce: 0.98394 lat: 2.81975 ener: 4.52829
[33mIP:142 [0m[32m[0426 00:41:54 @model.py:267][0m Change temperature from 0.14294 to 0.13665
[33mIP:142 [0m[32m[0426 00:41:54 @model.py:331][0m Start to train w for epoch 89
[33mIP:142 [0m[32m[0426 00:42:51 @model.py:297][0m Epoch[89] Batch[100] Speed: 239.935850 samples/sec loss: 2.61815 acc: 0.65103 ce: 0.98215 lat: 2.81922 ener: 4.51960
